Running php-build composer
WARNING! Your password will be stored unencrypted in /home/runner/.docker/config.json.
Configure a credential helper to remove this warning. See
https://docs.docker.com/engine/reference/commandline/login/#credentials-store

Login Succeeded
Pulling docker.pkg.github.com/hexydec/versions/php-actions_composer_versions:php-8.3-mbstring-xdebug-build2.1.0
Error response from daemon: manifest unknown
Dockerfile:
FROM php:8.3-cli-alpine
RUN apk add --update --no-cache bash coreutils git make openssh patch unzip zip
ADD https://github.com/mlocati/docker-php-extension-installer/releases/latest/download/install-php-extensions /usr/local/bin/
RUN chmod +x /usr/local/bin/install-php-extensions && sync && install-php-extensions mbstring xdebug
#0 building with "default" instance using docker driver

#1 [internal] load build definition from Dockerfile-php-build
#1 transferring dockerfile: 380B done
#1 DONE 0.0s

#2 [auth] library/php:pull token for registry-1.docker.io
#2 DONE 0.0s

#3 [internal] load metadata for docker.io/library/php:8.3-cli-alpine
#3 DONE 0.4s

#4 [internal] load .dockerignore
#4 transferring context: 2B done
#4 DONE 0.0s

#5 importing cache manifest from docker.pkg.github.com/hexydec/versions/php-actions_composer_versions:php-8.3-mbstring-xdebug-build2.1.0
#5 ERROR: failed to configure registry cache importer: unexpected status from HEAD request to https://docker.pkg.github.com/v2/hexydec/versions/php-actions_composer_versions/manifests/php-8.3-mbstring-xdebug-build2.1.0: 401 Unauthorized

#6 [1/4] FROM docker.io/library/php:8.3-cli-alpine@sha256:212d793f3bfa1c3021de5871af923f846e35cd7696dafe3e6a9ac8c9ed528072
#6 resolve docker.io/library/php:8.3-cli-alpine@sha256:212d793f3bfa1c3021de5871af923f846e35cd7696dafe3e6a9ac8c9ed528072 done
#6 extracting sha256:f18232174bc91741fdf3da96d85011092101a032a93a388b79e99e69c2d5c870
#6 extracting sha256:f18232174bc91741fdf3da96d85011092101a032a93a388b79e99e69c2d5c870 0.1s done
#6 sha256:85e1d05124056c25535087df0502b7e9158b31a606f1cc9a40f59f5fc838df45 7.60kB / 7.60kB done
#6 sha256:f18232174bc91741fdf3da96d85011092101a032a93a388b79e99e69c2d5c870 3.64MB / 3.64MB 0.1s done
#6 sha256:d9a5b9a1e572913a59a068e622260470518eb7fd33b23ca6f3218cbf367feb22 215B / 215B 0.1s done
#6 sha256:212d793f3bfa1c3021de5871af923f846e35cd7696dafe3e6a9ac8c9ed528072 10.31kB / 10.31kB done
#6 sha256:ea127e2a689d87fad1696e200a02a4e4cd0e63dc07a847ef8d16f523c7110b52 2.68kB / 2.68kB done
#6 sha256:f58e2ffefda9bef2b52808cfccbae3153564feac5e154fafbf10d2e4cf31fba0 3.34MB / 3.34MB 0.2s done
#6 sha256:110e1c87770790429344048184d2f619fbd80114aa23647331da5bd8ff08374b 933B / 933B 0.1s done
#6 sha256:276bc17c7f4ee6b5d43fa64991fb1f874707001fef5b5ee94cd109e49eaed4d2 4.19MB / 12.56MB 0.2s
#6 sha256:c5c8ed3584b66343cb8bab666656f8e94a43751748ea330ec95744c0d1a0a0c1 487B / 487B 0.2s
#6 sha256:3d0f656199add118dc45107aa9eefac8b8236e5d8a5e8f00bef31293026c871a 0B / 17.38MB 0.2s
#6 ...

#7 [3/4] ADD https://github.com/mlocati/docker-php-extension-installer/releases/latest/download/install-php-extensions /usr/local/bin/
#7 DONE 0.3s

#6 [1/4] FROM docker.io/library/php:8.3-cli-alpine@sha256:212d793f3bfa1c3021de5871af923f846e35cd7696dafe3e6a9ac8c9ed528072
#6 sha256:276bc17c7f4ee6b5d43fa64991fb1f874707001fef5b5ee94cd109e49eaed4d2 12.56MB / 12.56MB 0.3s done
#6 sha256:c5c8ed3584b66343cb8bab666656f8e94a43751748ea330ec95744c0d1a0a0c1 487B / 487B 0.2s done
#6 sha256:3d0f656199add118dc45107aa9eefac8b8236e5d8a5e8f00bef31293026c871a 13.63MB / 17.38MB 0.3s
#6 extracting sha256:f58e2ffefda9bef2b52808cfccbae3153564feac5e154fafbf10d2e4cf31fba0 0.1s done
#6 sha256:264bfab4c98249621f279a9fce4e6dc3cc4f061f495b404f074ff780e23123c8 2.44kB / 2.44kB 0.3s done
#6 sha256:be4b0ab9847313aebd3895a4bc4da8c9da293010ec9052700fc7defcbdd4d90c 0B / 20.02kB 0.3s
#6 sha256:3d0f656199add118dc45107aa9eefac8b8236e5d8a5e8f00bef31293026c871a 17.38MB / 17.38MB 0.4s done
#6 sha256:be4b0ab9847313aebd3895a4bc4da8c9da293010ec9052700fc7defcbdd4d90c 20.02kB / 20.02kB 0.3s done
#6 extracting sha256:110e1c87770790429344048184d2f619fbd80114aa23647331da5bd8ff08374b
#6 extracting sha256:110e1c87770790429344048184d2f619fbd80114aa23647331da5bd8ff08374b done
#6 extracting sha256:d9a5b9a1e572913a59a068e622260470518eb7fd33b23ca6f3218cbf367feb22 done
#6 extracting sha256:276bc17c7f4ee6b5d43fa64991fb1f874707001fef5b5ee94cd109e49eaed4d2 0.1s done
#6 extracting sha256:c5c8ed3584b66343cb8bab666656f8e94a43751748ea330ec95744c0d1a0a0c1
#6 extracting sha256:c5c8ed3584b66343cb8bab666656f8e94a43751748ea330ec95744c0d1a0a0c1 done
#6 extracting sha256:3d0f656199add118dc45107aa9eefac8b8236e5d8a5e8f00bef31293026c871a 0.1s
#6 extracting sha256:3d0f656199add118dc45107aa9eefac8b8236e5d8a5e8f00bef31293026c871a 0.4s done
#6 extracting sha256:264bfab4c98249621f279a9fce4e6dc3cc4f061f495b404f074ff780e23123c8 done
#6 extracting sha256:be4b0ab9847313aebd3895a4bc4da8c9da293010ec9052700fc7defcbdd4d90c
#6 extracting sha256:be4b0ab9847313aebd3895a4bc4da8c9da293010ec9052700fc7defcbdd4d90c done
#6 DONE 1.1s

#8 [2/4] RUN apk add --update --no-cache bash coreutils git make openssh patch unzip zip
#8 0.140 fetch https://dl-cdn.alpinelinux.org/alpine/v3.21/main/x86_64/APKINDEX.tar.gz
#8 0.211 fetch https://dl-cdn.alpinelinux.org/alpine/v3.21/community/x86_64/APKINDEX.tar.gz
#8 0.482 (1/24) Installing bash (5.2.37-r0)
#8 0.502 Executing bash-5.2.37-r0.post-install
#8 0.505 (2/24) Installing coreutils-env (9.5-r2)
#8 0.509 (3/24) Installing coreutils-fmt (9.5-r2)
#8 0.512 (4/24) Installing coreutils-sha512sum (9.5-r2)
#8 0.515 (5/24) Installing libattr (2.5.2-r2)
#8 0.518 (6/24) Installing skalibs-libs (2.14.3.0-r0)
#8 0.522 (7/24) Installing utmps-libs (0.1.2.3-r2)
#8 0.525 (8/24) Installing coreutils (9.5-r2)
#8 0.545 (9/24) Installing libexpat (2.6.4-r0)
#8 0.549 (10/24) Installing pcre2 (10.43-r0)
#8 0.558 (11/24) Installing git (2.47.2-r0)
#8 0.618 (12/24) Installing git-init-template (2.47.2-r0)
#8 0.622 (13/24) Installing make (4.4.1-r2)
#8 0.628 (14/24) Installing openssh-keygen (9.9_p2-r0)
#8 0.636 (15/24) Installing libedit (20240808.3.1-r0)
#8 0.641 (16/24) Installing openssh-client-common (9.9_p2-r0)
#8 0.659 (17/24) Installing openssh-client-default (9.9_p2-r0)
#8 0.668 (18/24) Installing openssh-sftp-server (9.9_p2-r0)
#8 0.672 (19/24) Installing openssh-server-common (9.9_p2-r0)
#8 0.675 (20/24) Installing openssh-server (9.9_p2-r0)
#8 0.687 (21/24) Installing openssh (9.9_p2-r0)
#8 0.692 (22/24) Installing patch (2.7.6-r10)
#8 0.697 (23/24) Installing unzip (6.0-r15)
#8 0.702 (24/24) Installing zip (3.0-r13)
#8 0.709 Executing busybox-1.37.0-r12.trigger
#8 0.716 OK: 35 MiB in 64 packages
#8 DONE 0.8s

#9 [3/4] ADD https://github.com/mlocati/docker-php-extension-installer/releases/latest/download/install-php-extensions /usr/local/bin/
#9 DONE 0.0s

#10 [4/4] RUN chmod +x /usr/local/bin/install-php-extensions && sync && install-php-extensions mbstring xdebug
#10 0.140 install-php-extensions v.2.7.27
#10 0.140 #StandWithUkraine
#10 0.243 ### WARNING Module already installed: mbstring ###
#10 2.177 Updating channel "pecl.php.net"
#10 2.262 Channel "pecl.php.net" is up to date
#10 2.270 fetch https://dl-cdn.alpinelinux.org/alpine/v3.21/main/x86_64/APKINDEX.tar.gz
#10 2.349 fetch https://dl-cdn.alpinelinux.org/alpine/v3.21/community/x86_64/APKINDEX.tar.gz
#10 2.641 v3.21.3-95-g22c7b41f717 [https://dl-cdn.alpinelinux.org/alpine/v3.21/main]
#10 2.641 v3.21.3-115-gdb2a87c9ab4 [https://dl-cdn.alpinelinux.org/alpine/v3.21/community]
#10 2.641 OK: 25395 distinct packages available
#10 4.867 ### INSTALLING REQUIRED PACKAGES ###
#10 4.867 # Packages to be kept after installation: 
#10 4.867 # Packages to be used only for installation: m4 libbz2 perl autoconf libmd dpkg pkgconf dpkg-dev libmagic file libstdc++ libstdc++-dev jansson binutils libgomp libatomic gmp isl26 mpfr4 mpc1 gcc musl-dev g++ perl-error perl-git git-perl linux-headers re2c
#10 5.157 (1/28) Installing m4 (1.4.19-r3)
#10 5.201 (2/28) Installing libbz2 (1.0.8-r6)
#10 5.204 (3/28) Installing perl (5.40.1-r0)
#10 5.522 (4/28) Installing autoconf (2.72-r0)
#10 5.542 (5/28) Installing jansson (2.14-r4)
#10 5.545 (6/28) Installing libstdc++ (14.2.0-r4)
#10 5.563 (7/28) Installing binutils (2.43.1-r1)
#10 5.634 (8/28) Installing libmd (1.1.0-r0)
#10 5.637 (9/28) Installing dpkg (1.22.11-r0)
#10 5.657 (10/28) Installing pkgconf (2.3.0-r0)
#10 5.665 (11/28) Installing dpkg-dev (1.22.11-r0)
#10 5.697 (12/28) Installing libmagic (5.46-r2)
#10 5.724 (13/28) Installing file (5.46-r2)
#10 5.727 (14/28) Installing libstdc++-dev (14.2.0-r4)
#10 5.887 (15/28) Installing libgomp (14.2.0-r4)
#10 5.893 (16/28) Installing libatomic (14.2.0-r4)
#10 5.897 (17/28) Installing gmp (6.3.0-r2)
#10 5.903 (18/28) Installing isl26 (0.26-r1)
#10 5.918 (19/28) Installing mpfr4 (4.2.1-r0)
#10 5.925 (20/28) Installing mpc1 (1.3.1-r1)
#10 5.930 (21/28) Installing gcc (14.2.0-r4)
#10 6.777 (22/28) Installing musl-dev (1.2.5-r9)
#10 6.842 (23/28) Installing g++ (14.2.0-r4)
#10 7.089 (24/28) Installing perl-error (0.17029-r2)
#10 7.094 (25/28) Installing perl-git (2.47.2-r0)
#10 7.100 (26/28) Installing git-perl (2.47.2-r0)
#10 7.105 (27/28) Installing linux-headers (6.6-r1)
#10 7.222 (28/28) Installing re2c (3.1-r0)
#10 7.238 Executing busybox-1.37.0-r12.trigger
#10 7.246 OK: 319 MiB in 92 packages
#10 7.646 ### INSTALLING REMOTE MODULE xdebug ###
#10 8.845 downloading xdebug-3.4.1.tgz ...
#10 8.845 Starting to download xdebug-3.4.1.tgz (261,507 bytes)
#10 8.845 ......................................................done: 261,507 bytes
#10 9.023 102 source files, building
#10 9.023 running: phpize
#10 9.028 Configuring for:
#10 9.028 PHP Api Version:         20230831
#10 9.028 Zend Module Api No:      20230831
#10 9.028 Zend Extension Api No:   420230831
#10 10.02 building in /tmp/pear/temp/pear-build-defaultuserECHLcn/xdebug-3.4.1
#10 10.02 running: /tmp/pear/temp/xdebug/configure --with-php-config=/usr/local/bin/php-config
#10 10.15 checking for grep that handles long lines and -e... /bin/grep
#10 10.15 checking for egrep... /bin/grep -E
#10 10.15 checking for a sed that does not truncate output... /bin/sed
#10 10.16 checking for pkg-config... /usr/bin/pkg-config
#10 10.16 checking pkg-config is at least version 0.9.0... yes
#10 10.16 checking for cc... cc
#10 10.22 checking whether the C compiler works... yes
#10 10.22 checking for C compiler default output file name... a.out
#10 10.25 checking for suffix of executables...
#10 10.29 checking whether we are cross compiling... no
#10 10.31 checking for suffix of object files... o
#10 10.33 checking whether the compiler supports GNU C... yes
#10 10.35 checking whether cc accepts -g... yes
#10 10.42 checking for cc option to enable C11 features... none needed
#10 10.45 checking how to run the C preprocessor... cc -E
#10 10.48 checking for egrep -e... (cached) /bin/grep -E
#10 10.49 checking for icc... no
#10 10.50 checking for suncc... no
#10 10.50 checking for system library directory... lib
#10 10.54 checking if compiler supports -Wl,-rpath,... yes
#10 10.59 checking build system type... x86_64-pc-linux-musl
#10 10.59 checking host system type... x86_64-pc-linux-musl
#10 10.59 checking target system type... x86_64-pc-linux-musl
#10 10.63 checking for PHP prefix... /usr/local
#10 10.63 checking for PHP includes... -I/usr/local/include/php -I/usr/local/include/php/main -I/usr/local/include/php/TSRM -I/usr/local/include/php/Zend -I/usr/local/include/php/ext -I/usr/local/include/php/ext/date/lib
#10 10.63 checking for PHP extension directory... /usr/local/lib/php/extensions/no-debug-non-zts-20230831
#10 10.63 checking for PHP installed headers prefix... /usr/local/include/php
#10 10.64 checking if debug is enabled... no
#10 10.66 checking if zts is enabled... no
#10 10.66 checking for gawk... no
#10 10.66 checking for nawk... no
#10 10.66 checking for awk... awk
#10 10.66 checking if awk is broken... no
#10 10.66 checking whether to enable Xdebug support... yes, shared
#10 10.66 checking whether to enable Xdebug developer build flags... no
#10 10.66 checking whether to compress profiler files (requires zlib)... yes
#10 10.67 checking for supported PHP version... supported (8.3.17)
#10 10.71 checking for clock_gettime... yes
#10 10.75 checking for clock_gettime_nsec_np... no
#10 10.79 checking for gettimeofday... yes
#10 10.81 checking for stdio.h... yes
#10 10.84 checking for stdlib.h... yes
#10 10.87 checking for string.h... yes
#10 10.89 checking for inttypes.h... yes
#10 10.92 checking for stdint.h... yes
#10 10.94 checking for strings.h... yes
#10 10.97 checking for sys/stat.h... yes
#10 11.00 checking for sys/types.h... yes
#10 11.03 checking for unistd.h... yes
#10 11.06 checking for netinet/in.h... yes
#10 11.09 checking for poll.h... yes
#10 11.12 checking for sys/poll.h... yes
#10 11.15 checking for linux/rtnetlink.h... yes
#10 11.19 checking for res_ninit... no
#10 11.23 checking for __res_ninit... no
#10 11.27 checking for res_ninit in -lresolv... no
#10 11.31 checking for __res_ninit in -lresolv... no
#10 11.35 checking for res_nclose... no
#10 11.39 checking for __res_nclose... no
#10 11.44 checking for res_nclose in -lresolv... no
#10 11.48 checking for __res_nclose in -lresolv... no
#10 11.52 checking for cos in -lm... yes
#10 11.52 checking for zlib >= 1.2.9... no
#10 11.59 checking for a sed that does not truncate output... /bin/sed
#10 11.60 checking for ld used by cc... /usr/x86_64-alpine-linux-musl/bin/ld
#10 11.60 checking if the linker (/usr/x86_64-alpine-linux-musl/bin/ld) is GNU ld... yes
#10 11.60 checking for /usr/x86_64-alpine-linux-musl/bin/ld option to reload object files... -r
#10 11.60 checking for BSD-compatible nm... /usr/bin/nm -B
#10 11.60 checking whether ln -s works... yes
#10 11.60 checking how to recognize dependent libraries... pass_all
#10 11.64 checking for dlfcn.h... yes
#10 11.65 checking the maximum length of command line arguments... 98304
#10 11.71 checking command to parse /usr/bin/nm -B output from cc object... ok
#10 11.72 checking for objdir... .libs
#10 11.72 checking for ar... ar
#10 11.72 checking for ranlib... ranlib
#10 11.72 checking for strip... strip
#10 11.79 checking if cc supports -fno-rtti -fno-exceptions... no
#10 11.79 checking for cc option to produce PIC... -fPIC
#10 11.80 checking if cc PIC flag -fPIC works... yes
#10 11.84 checking if cc static flag -static works... yes
#10 11.87 checking if cc supports -c -o file.o... yes
#10 11.88 checking whether the cc linker (/usr/x86_64-alpine-linux-musl/bin/ld -m elf_x86_64) supports shared libraries... yes
#10 11.90 checking whether -lc should be explicitly linked in... no
#10 11.91 checking dynamic linker characteristics... GNU/Linux ld.so
#10 11.91 checking how to hardcode library paths into programs... immediate
#10 11.91 checking whether stripping libraries is possible... yes
#10 11.91 checking if libtool supports shared libraries... yes
#10 11.91 checking whether to build shared libraries... yes
#10 11.91 checking whether to build static libraries... no
#10 11.98 
#10 11.98 creating libtool
#10 12.03 appending configuration tag "CXX" to libtool
#10 12.11 configure: patching config.h.in
#10 12.11 configure: creating ./config.status
#10 12.16 config.status: creating config.h
#10 12.20 running: make -j4
#10 12.20 Makefile:245: warning: overriding recipe for target 'test'
#10 12.20 Makefile:136: warning: ignoring old recipe for target 'test'
#10 12.21 /bin/sh /tmp/pear/temp/pear-build-defaultuserECHLcn/xdebug-3.4.1/libtool --tag=CC --mode=compile cc -I. -I/tmp/pear/temp/xdebug -I/tmp/pear/temp/pear-build-defaultuserECHLcn/xdebug-3.4.1/include -I/tmp/pear/temp/pear-build-defaultuserECHLcn/xdebug-3.4.1/main -I/tmp/pear/temp/xdebug -I/usr/local/include/php -I/usr/local/include/php/main -I/usr/local/include/php/TSRM -I/usr/local/include/php/Zend -I/usr/local/include/php/ext -I/usr/local/include/php/ext/date/lib -I/tmp/pear/temp/xdebug/src -I/tmp/pear/temp/pear-build-defaultuserECHLcn/xdebug-3.4.1/src  -DHAVE_CONFIG_H  -g -O2 -D_GNU_SOURCE     -DZEND_COMPILE_DL_EXT=1 -c /tmp/pear/temp/xdebug/xdebug.c -o xdebug.lo  -MMD -MF xdebug.dep -MT xdebug.lo
#10 12.21 /bin/sh /tmp/pear/temp/pear-build-defaultuserECHLcn/xdebug-3.4.1/libtool --tag=CC --mode=compile cc -I. -I/tmp/pear/temp/xdebug -I/tmp/pear/temp/pear-build-defaultuserECHLcn/xdebug-3.4.1/include -I/tmp/pear/temp/pear-build-defaultuserECHLcn/xdebug-3.4.1/main -I/tmp/pear/temp/xdebug -I/usr/local/include/php -I/usr/local/include/php/main -I/usr/local/include/php/TSRM -I/usr/local/include/php/Zend -I/usr/local/include/php/ext -I/usr/local/include/php/ext/date/lib -I/tmp/pear/temp/xdebug/src -I/tmp/pear/temp/pear-build-defaultuserECHLcn/xdebug-3.4.1/src  -DHAVE_CONFIG_H  -g -O2 -D_GNU_SOURCE     -DZEND_COMPILE_DL_EXT=1 -c /tmp/pear/temp/xdebug/src/base/base.c -o src/base/base.lo  -MMD -MF src/base/base.dep -MT src/base/base.lo
#10 12.21 /bin/sh /tmp/pear/temp/pear-build-defaultuserECHLcn/xdebug-3.4.1/libtool --tag=CC --mode=compile cc -I. -I/tmp/pear/temp/xdebug -I/tmp/pear/temp/pear-build-defaultuserECHLcn/xdebug-3.4.1/include -I/tmp/pear/temp/pear-build-defaultuserECHLcn/xdebug-3.4.1/main -I/tmp/pear/temp/xdebug -I/usr/local/include/php -I/usr/local/include/php/main -I/usr/local/include/php/TSRM -I/usr/local/include/php/Zend -I/usr/local/include/php/ext -I/usr/local/include/php/ext/date/lib -I/tmp/pear/temp/xdebug/src -I/tmp/pear/temp/pear-build-defaultuserECHLcn/xdebug-3.4.1/src  -DHAVE_CONFIG_H  -g -O2 -D_GNU_SOURCE     -DZEND_COMPILE_DL_EXT=1 -c /tmp/pear/temp/xdebug/src/base/ctrl_socket.c -o src/base/ctrl_socket.lo  -MMD -MF src/base/ctrl_socket.dep -MT src/base/ctrl_socket.lo
#10 12.21 /bin/sh /tmp/pear/temp/pear-build-defaultuserECHLcn/xdebug-3.4.1/libtool --tag=CC --mode=compile cc -I. -I/tmp/pear/temp/xdebug -I/tmp/pear/temp/pear-build-defaultuserECHLcn/xdebug-3.4.1/include -I/tmp/pear/temp/pear-build-defaultuserECHLcn/xdebug-3.4.1/main -I/tmp/pear/temp/xdebug -I/usr/local/include/php -I/usr/local/include/php/main -I/usr/local/include/php/TSRM -I/usr/local/include/php/Zend -I/usr/local/include/php/ext -I/usr/local/include/php/ext/date/lib -I/tmp/pear/temp/xdebug/src -I/tmp/pear/temp/pear-build-defaultuserECHLcn/xdebug-3.4.1/src  -DHAVE_CONFIG_H  -g -O2 -D_GNU_SOURCE     -DZEND_COMPILE_DL_EXT=1 -c /tmp/pear/temp/xdebug/src/base/filter.c -o src/base/filter.lo  -MMD -MF src/base/filter.dep -MT src/base/filter.lo
#10 12.28 mkdir .libs
#10 12.28 mkdir src/base/.libs
#10 12.28 mkdir src/base/.libs
#10 12.28 mkdir: cannot create directory ‘src/base/.libs’: File exists
#10 12.28  cc -I. -I/tmp/pear/temp/xdebug -I/tmp/pear/temp/pear-build-defaultuserECHLcn/xdebug-3.4.1/include -I/tmp/pear/temp/pear-build-defaultuserECHLcn/xdebug-3.4.1/main -I/tmp/pear/temp/xdebug -I/usr/local/include/php -I/usr/local/include/php/main -I/usr/local/include/php/TSRM -I/usr/local/include/php/Zend -I/usr/local/include/php/ext -I/usr/local/include/php/ext/date/lib -I/tmp/pear/temp/xdebug/src -I/tmp/pear/temp/pear-build-defaultuserECHLcn/xdebug-3.4.1/src -DHAVE_CONFIG_H -g -O2 -D_GNU_SOURCE -DZEND_COMPILE_DL_EXT=1 -c /tmp/pear/temp/xdebug/xdebug.c -MMD -MF xdebug.dep -MT xdebug.lo  -fPIC -DPIC -o .libs/xdebug.o
#10 12.28  cc -I. -I/tmp/pear/temp/xdebug -I/tmp/pear/temp/pear-build-defaultuserECHLcn/xdebug-3.4.1/include -I/tmp/pear/temp/pear-build-defaultuserECHLcn/xdebug-3.4.1/main -I/tmp/pear/temp/xdebug -I/usr/local/include/php -I/usr/local/include/php/main -I/usr/local/include/php/TSRM -I/usr/local/include/php/Zend -I/usr/local/include/php/ext -I/usr/local/include/php/ext/date/lib -I/tmp/pear/temp/xdebug/src -I/tmp/pear/temp/pear-build-defaultuserECHLcn/xdebug-3.4.1/src -DHAVE_CONFIG_H -g -O2 -D_GNU_SOURCE -DZEND_COMPILE_DL_EXT=1 -c /tmp/pear/temp/xdebug/src/base/filter.c -MMD -MF src/base/filter.dep -MT src/base/filter.lo  -fPIC -DPIC -o src/base/.libs/filter.o
#10 12.28  cc -I. -I/tmp/pear/temp/xdebug -I/tmp/pear/temp/pear-build-defaultuserECHLcn/xdebug-3.4.1/include -I/tmp/pear/temp/pear-build-defaultuserECHLcn/xdebug-3.4.1/main -I/tmp/pear/temp/xdebug -I/usr/local/include/php -I/usr/local/include/php/main -I/usr/local/include/php/TSRM -I/usr/local/include/php/Zend -I/usr/local/include/php/ext -I/usr/local/include/php/ext/date/lib -I/tmp/pear/temp/xdebug/src -I/tmp/pear/temp/pear-build-defaultuserECHLcn/xdebug-3.4.1/src -DHAVE_CONFIG_H -g -O2 -D_GNU_SOURCE -DZEND_COMPILE_DL_EXT=1 -c /tmp/pear/temp/xdebug/src/base/ctrl_socket.c -MMD -MF src/base/ctrl_socket.dep -MT src/base/ctrl_socket.lo  -fPIC -DPIC -o src/base/.libs/ctrl_socket.o
#10 12.28  cc -I. -I/tmp/pear/temp/xdebug -I/tmp/pear/temp/pear-build-defaultuserECHLcn/xdebug-3.4.1/include -I/tmp/pear/temp/pear-build-defaultuserECHLcn/xdebug-3.4.1/main -I/tmp/pear/temp/xdebug -I/usr/local/include/php -I/usr/local/include/php/main -I/usr/local/include/php/TSRM -I/usr/local/include/php/Zend -I/usr/local/include/php/ext -I/usr/local/include/php/ext/date/lib -I/tmp/pear/temp/xdebug/src -I/tmp/pear/temp/pear-build-defaultuserECHLcn/xdebug-3.4.1/src -DHAVE_CONFIG_H -g -O2 -D_GNU_SOURCE -DZEND_COMPILE_DL_EXT=1 -c /tmp/pear/temp/xdebug/src/base/base.c -MMD -MF src/base/base.dep -MT src/base/base.lo  -fPIC -DPIC -o src/base/.libs/base.o
#10 12.68 /bin/sh /tmp/pear/temp/pear-build-defaultuserECHLcn/xdebug-3.4.1/libtool --tag=CC --mode=compile cc -I. -I/tmp/pear/temp/xdebug -I/tmp/pear/temp/pear-build-defaultuserECHLcn/xdebug-3.4.1/include -I/tmp/pear/temp/pear-build-defaultuserECHLcn/xdebug-3.4.1/main -I/tmp/pear/temp/xdebug -I/usr/local/include/php -I/usr/local/include/php/main -I/usr/local/include/php/TSRM -I/usr/local/include/php/Zend -I/usr/local/include/php/ext -I/usr/local/include/php/ext/date/lib -I/tmp/pear/temp/xdebug/src -I/tmp/pear/temp/pear-build-defaultuserECHLcn/xdebug-3.4.1/src  -DHAVE_CONFIG_H  -g -O2 -D_GNU_SOURCE     -DZEND_COMPILE_DL_EXT=1 -c /tmp/pear/temp/xdebug/src/lib/usefulstuff.c -o src/lib/usefulstuff.lo  -MMD -MF src/lib/usefulstuff.dep -MT src/lib/usefulstuff.lo
#10 12.70 /bin/sh /tmp/pear/temp/pear-build-defaultuserECHLcn/xdebug-3.4.1/libtool --tag=CC --mode=compile cc -I. -I/tmp/pear/temp/xdebug -I/tmp/pear/temp/pear-build-defaultuserECHLcn/xdebug-3.4.1/include -I/tmp/pear/temp/pear-build-defaultuserECHLcn/xdebug-3.4.1/main -I/tmp/pear/temp/xdebug -I/usr/local/include/php -I/usr/local/include/php/main -I/usr/local/include/php/TSRM -I/usr/local/include/php/Zend -I/usr/local/include/php/ext -I/usr/local/include/php/ext/date/lib -I/tmp/pear/temp/xdebug/src -I/tmp/pear/temp/pear-build-defaultuserECHLcn/xdebug-3.4.1/src  -DHAVE_CONFIG_H  -g -O2 -D_GNU_SOURCE     -DZEND_COMPILE_DL_EXT=1 -c /tmp/pear/temp/xdebug/src/lib/cmd_parser.c -o src/lib/cmd_parser.lo  -MMD -MF src/lib/cmd_parser.dep -MT src/lib/cmd_parser.lo
#10 12.75 mkdir src/lib/.libs
#10 12.76  cc -I. -I/tmp/pear/temp/xdebug -I/tmp/pear/temp/pear-build-defaultuserECHLcn/xdebug-3.4.1/include -I/tmp/pear/temp/pear-build-defaultuserECHLcn/xdebug-3.4.1/main -I/tmp/pear/temp/xdebug -I/usr/local/include/php -I/usr/local/include/php/main -I/usr/local/include/php/TSRM -I/usr/local/include/php/Zend -I/usr/local/include/php/ext -I/usr/local/include/php/ext/date/lib -I/tmp/pear/temp/xdebug/src -I/tmp/pear/temp/pear-build-defaultuserECHLcn/xdebug-3.4.1/src -DHAVE_CONFIG_H -g -O2 -D_GNU_SOURCE -DZEND_COMPILE_DL_EXT=1 -c /tmp/pear/temp/xdebug/src/lib/usefulstuff.c -MMD -MF src/lib/usefulstuff.dep -MT src/lib/usefulstuff.lo  -fPIC -DPIC -o src/lib/.libs/usefulstuff.o
#10 12.77  cc -I. -I/tmp/pear/temp/xdebug -I/tmp/pear/temp/pear-build-defaultuserECHLcn/xdebug-3.4.1/include -I/tmp/pear/temp/pear-build-defaultuserECHLcn/xdebug-3.4.1/main -I/tmp/pear/temp/xdebug -I/usr/local/include/php -I/usr/local/include/php/main -I/usr/local/include/php/TSRM -I/usr/local/include/php/Zend -I/usr/local/include/php/ext -I/usr/local/include/php/ext/date/lib -I/tmp/pear/temp/xdebug/src -I/tmp/pear/temp/pear-build-defaultuserECHLcn/xdebug-3.4.1/src -DHAVE_CONFIG_H -g -O2 -D_GNU_SOURCE -DZEND_COMPILE_DL_EXT=1 -c /tmp/pear/temp/xdebug/src/lib/cmd_parser.c -MMD -MF src/lib/cmd_parser.dep -MT src/lib/cmd_parser.lo  -fPIC -DPIC -o src/lib/.libs/cmd_parser.o
#10 12.99 /bin/sh /tmp/pear/temp/pear-build-defaultuserECHLcn/xdebug-3.4.1/libtool --tag=CC --mode=compile cc -I. -I/tmp/pear/temp/xdebug -I/tmp/pear/temp/pear-build-defaultuserECHLcn/xdebug-3.4.1/include -I/tmp/pear/temp/pear-build-defaultuserECHLcn/xdebug-3.4.1/main -I/tmp/pear/temp/xdebug -I/usr/local/include/php -I/usr/local/include/php/main -I/usr/local/include/php/TSRM -I/usr/local/include/php/Zend -I/usr/local/include/php/ext -I/usr/local/include/php/ext/date/lib -I/tmp/pear/temp/xdebug/src -I/tmp/pear/temp/pear-build-defaultuserECHLcn/xdebug-3.4.1/src  -DHAVE_CONFIG_H  -g -O2 -D_GNU_SOURCE     -DZEND_COMPILE_DL_EXT=1 -c /tmp/pear/temp/xdebug/src/lib/compat.c -o src/lib/compat.lo  -MMD -MF src/lib/compat.dep -MT src/lib/compat.lo
#10 13.07  cc -I. -I/tmp/pear/temp/xdebug -I/tmp/pear/temp/pear-build-defaultuserECHLcn/xdebug-3.4.1/include -I/tmp/pear/temp/pear-build-defaultuserECHLcn/xdebug-3.4.1/main -I/tmp/pear/temp/xdebug -I/usr/local/include/php -I/usr/local/include/php/main -I/usr/local/include/php/TSRM -I/usr/local/include/php/Zend -I/usr/local/include/php/ext -I/usr/local/include/php/ext/date/lib -I/tmp/pear/temp/xdebug/src -I/tmp/pear/temp/pear-build-defaultuserECHLcn/xdebug-3.4.1/src -DHAVE_CONFIG_H -g -O2 -D_GNU_SOURCE -DZEND_COMPILE_DL_EXT=1 -c /tmp/pear/temp/xdebug/src/lib/compat.c -MMD -MF src/lib/compat.dep -MT src/lib/compat.lo  -fPIC -DPIC -o src/lib/.libs/compat.o
#10 13.09 /bin/sh /tmp/pear/temp/pear-build-defaultuserECHLcn/xdebug-3.4.1/libtool --tag=CC --mode=compile cc -I. -I/tmp/pear/temp/xdebug -I/tmp/pear/temp/pear-build-defaultuserECHLcn/xdebug-3.4.1/include -I/tmp/pear/temp/pear-build-defaultuserECHLcn/xdebug-3.4.1/main -I/tmp/pear/temp/xdebug -I/usr/local/include/php -I/usr/local/include/php/main -I/usr/local/include/php/TSRM -I/usr/local/include/php/Zend -I/usr/local/include/php/ext -I/usr/local/include/php/ext/date/lib -I/tmp/pear/temp/xdebug/src -I/tmp/pear/temp/pear-build-defaultuserECHLcn/xdebug-3.4.1/src  -DHAVE_CONFIG_H  -g -O2 -D_GNU_SOURCE     -DZEND_COMPILE_DL_EXT=1 -c /tmp/pear/temp/xdebug/src/lib/crc32.c -o src/lib/crc32.lo  -MMD -MF src/lib/crc32.dep -MT src/lib/crc32.lo
#10 13.17  cc -I. -I/tmp/pear/temp/xdebug -I/tmp/pear/temp/pear-build-defaultuserECHLcn/xdebug-3.4.1/include -I/tmp/pear/temp/pear-build-defaultuserECHLcn/xdebug-3.4.1/main -I/tmp/pear/temp/xdebug -I/usr/local/include/php -I/usr/local/include/php/main -I/usr/local/include/php/TSRM -I/usr/local/include/php/Zend -I/usr/local/include/php/ext -I/usr/local/include/php/ext/date/lib -I/tmp/pear/temp/xdebug/src -I/tmp/pear/temp/pear-build-defaultuserECHLcn/xdebug-3.4.1/src -DHAVE_CONFIG_H -g -O2 -D_GNU_SOURCE -DZEND_COMPILE_DL_EXT=1 -c /tmp/pear/temp/xdebug/src/lib/crc32.c -MMD -MF src/lib/crc32.dep -MT src/lib/crc32.lo  -fPIC -DPIC -o src/lib/.libs/crc32.o
#10 13.21 /bin/sh /tmp/pear/temp/pear-build-defaultuserECHLcn/xdebug-3.4.1/libtool --tag=CC --mode=compile cc -I. -I/tmp/pear/temp/xdebug -I/tmp/pear/temp/pear-build-defaultuserECHLcn/xdebug-3.4.1/include -I/tmp/pear/temp/pear-build-defaultuserECHLcn/xdebug-3.4.1/main -I/tmp/pear/temp/xdebug -I/usr/local/include/php -I/usr/local/include/php/main -I/usr/local/include/php/TSRM -I/usr/local/include/php/Zend -I/usr/local/include/php/ext -I/usr/local/include/php/ext/date/lib -I/tmp/pear/temp/xdebug/src -I/tmp/pear/temp/pear-build-defaultuserECHLcn/xdebug-3.4.1/src  -DHAVE_CONFIG_H  -g -O2 -D_GNU_SOURCE     -DZEND_COMPILE_DL_EXT=1 -c /tmp/pear/temp/xdebug/src/lib/file.c -o src/lib/file.lo  -MMD -MF src/lib/file.dep -MT src/lib/file.lo
#10 13.29  cc -I. -I/tmp/pear/temp/xdebug -I/tmp/pear/temp/pear-build-defaultuserECHLcn/xdebug-3.4.1/include -I/tmp/pear/temp/pear-build-defaultuserECHLcn/xdebug-3.4.1/main -I/tmp/pear/temp/xdebug -I/usr/local/include/php -I/usr/local/include/php/main -I/usr/local/include/php/TSRM -I/usr/local/include/php/Zend -I/usr/local/include/php/ext -I/usr/local/include/php/ext/date/lib -I/tmp/pear/temp/xdebug/src -I/tmp/pear/temp/pear-build-defaultuserECHLcn/xdebug-3.4.1/src -DHAVE_CONFIG_H -g -O2 -D_GNU_SOURCE -DZEND_COMPILE_DL_EXT=1 -c /tmp/pear/temp/xdebug/src/lib/file.c -MMD -MF src/lib/file.dep -MT src/lib/file.lo  -fPIC -DPIC -o src/lib/.libs/file.o
#10 13.42 /bin/sh /tmp/pear/temp/pear-build-defaultuserECHLcn/xdebug-3.4.1/libtool --tag=CC --mode=compile cc -I. -I/tmp/pear/temp/xdebug -I/tmp/pear/temp/pear-build-defaultuserECHLcn/xdebug-3.4.1/include -I/tmp/pear/temp/pear-build-defaultuserECHLcn/xdebug-3.4.1/main -I/tmp/pear/temp/xdebug -I/usr/local/include/php -I/usr/local/include/php/main -I/usr/local/include/php/TSRM -I/usr/local/include/php/Zend -I/usr/local/include/php/ext -I/usr/local/include/php/ext/date/lib -I/tmp/pear/temp/xdebug/src -I/tmp/pear/temp/pear-build-defaultuserECHLcn/xdebug-3.4.1/src  -DHAVE_CONFIG_H  -g -O2 -D_GNU_SOURCE     -DZEND_COMPILE_DL_EXT=1 -c /tmp/pear/temp/xdebug/src/lib/hash.c -o src/lib/hash.lo  -MMD -MF src/lib/hash.dep -MT src/lib/hash.lo
#10 13.49  cc -I. -I/tmp/pear/temp/xdebug -I/tmp/pear/temp/pear-build-defaultuserECHLcn/xdebug-3.4.1/include -I/tmp/pear/temp/pear-build-defaultuserECHLcn/xdebug-3.4.1/main -I/tmp/pear/temp/xdebug -I/usr/local/include/php -I/usr/local/include/php/main -I/usr/local/include/php/TSRM -I/usr/local/include/php/Zend -I/usr/local/include/php/ext -I/usr/local/include/php/ext/date/lib -I/tmp/pear/temp/xdebug/src -I/tmp/pear/temp/pear-build-defaultuserECHLcn/xdebug-3.4.1/src -DHAVE_CONFIG_H -g -O2 -D_GNU_SOURCE -DZEND_COMPILE_DL_EXT=1 -c /tmp/pear/temp/xdebug/src/lib/hash.c -MMD -MF src/lib/hash.dep -MT src/lib/hash.lo  -fPIC -DPIC -o src/lib/.libs/hash.o
#10 13.49 /bin/sh /tmp/pear/temp/pear-build-defaultuserECHLcn/xdebug-3.4.1/libtool --tag=CC --mode=compile cc -I. -I/tmp/pear/temp/xdebug -I/tmp/pear/temp/pear-build-defaultuserECHLcn/xdebug-3.4.1/include -I/tmp/pear/temp/pear-build-defaultuserECHLcn/xdebug-3.4.1/main -I/tmp/pear/temp/xdebug -I/usr/local/include/php -I/usr/local/include/php/main -I/usr/local/include/php/TSRM -I/usr/local/include/php/Zend -I/usr/local/include/php/ext -I/usr/local/include/php/ext/date/lib -I/tmp/pear/temp/xdebug/src -I/tmp/pear/temp/pear-build-defaultuserECHLcn/xdebug-3.4.1/src  -DHAVE_CONFIG_H  -g -O2 -D_GNU_SOURCE     -DZEND_COMPILE_DL_EXT=1 -c /tmp/pear/temp/xdebug/src/lib/headers.c -o src/lib/headers.lo  -MMD -MF src/lib/headers.dep -MT src/lib/headers.lo
#10 13.57  cc -I. -I/tmp/pear/temp/xdebug -I/tmp/pear/temp/pear-build-defaultuserECHLcn/xdebug-3.4.1/include -I/tmp/pear/temp/pear-build-defaultuserECHLcn/xdebug-3.4.1/main -I/tmp/pear/temp/xdebug -I/usr/local/include/php -I/usr/local/include/php/main -I/usr/local/include/php/TSRM -I/usr/local/include/php/Zend -I/usr/local/include/php/ext -I/usr/local/include/php/ext/date/lib -I/tmp/pear/temp/xdebug/src -I/tmp/pear/temp/pear-build-defaultuserECHLcn/xdebug-3.4.1/src -DHAVE_CONFIG_H -g -O2 -D_GNU_SOURCE -DZEND_COMPILE_DL_EXT=1 -c /tmp/pear/temp/xdebug/src/lib/headers.c -MMD -MF src/lib/headers.dep -MT src/lib/headers.lo  -fPIC -DPIC -o src/lib/.libs/headers.o
#10 13.61 /bin/sh /tmp/pear/temp/pear-build-defaultuserECHLcn/xdebug-3.4.1/libtool --tag=CC --mode=compile cc -I. -I/tmp/pear/temp/xdebug -I/tmp/pear/temp/pear-build-defaultuserECHLcn/xdebug-3.4.1/include -I/tmp/pear/temp/pear-build-defaultuserECHLcn/xdebug-3.4.1/main -I/tmp/pear/temp/xdebug -I/usr/local/include/php -I/usr/local/include/php/main -I/usr/local/include/php/TSRM -I/usr/local/include/php/Zend -I/usr/local/include/php/ext -I/usr/local/include/php/ext/date/lib -I/tmp/pear/temp/xdebug/src -I/tmp/pear/temp/pear-build-defaultuserECHLcn/xdebug-3.4.1/src  -DHAVE_CONFIG_H  -g -O2 -D_GNU_SOURCE     -DZEND_COMPILE_DL_EXT=1 -c /tmp/pear/temp/xdebug/src/lib/lib.c -o src/lib/lib.lo  -MMD -MF src/lib/lib.dep -MT src/lib/lib.lo
#10 13.69  cc -I. -I/tmp/pear/temp/xdebug -I/tmp/pear/temp/pear-build-defaultuserECHLcn/xdebug-3.4.1/include -I/tmp/pear/temp/pear-build-defaultuserECHLcn/xdebug-3.4.1/main -I/tmp/pear/temp/xdebug -I/usr/local/include/php -I/usr/local/include/php/main -I/usr/local/include/php/TSRM -I/usr/local/include/php/Zend -I/usr/local/include/php/ext -I/usr/local/include/php/ext/date/lib -I/tmp/pear/temp/xdebug/src -I/tmp/pear/temp/pear-build-defaultuserECHLcn/xdebug-3.4.1/src -DHAVE_CONFIG_H -g -O2 -D_GNU_SOURCE -DZEND_COMPILE_DL_EXT=1 -c /tmp/pear/temp/xdebug/src/lib/lib.c -MMD -MF src/lib/lib.dep -MT src/lib/lib.lo  -fPIC -DPIC -o src/lib/.libs/lib.o
#10 13.73 /bin/sh /tmp/pear/temp/pear-build-defaultuserECHLcn/xdebug-3.4.1/libtool --tag=CC --mode=compile cc -I. -I/tmp/pear/temp/xdebug -I/tmp/pear/temp/pear-build-defaultuserECHLcn/xdebug-3.4.1/include -I/tmp/pear/temp/pear-build-defaultuserECHLcn/xdebug-3.4.1/main -I/tmp/pear/temp/xdebug -I/usr/local/include/php -I/usr/local/include/php/main -I/usr/local/include/php/TSRM -I/usr/local/include/php/Zend -I/usr/local/include/php/ext -I/usr/local/include/php/ext/date/lib -I/tmp/pear/temp/xdebug/src -I/tmp/pear/temp/pear-build-defaultuserECHLcn/xdebug-3.4.1/src  -DHAVE_CONFIG_H  -g -O2 -D_GNU_SOURCE     -DZEND_COMPILE_DL_EXT=1 -c /tmp/pear/temp/xdebug/src/lib/llist.c -o src/lib/llist.lo  -MMD -MF src/lib/llist.dep -MT src/lib/llist.lo
#10 13.73 /bin/sh /tmp/pear/temp/pear-build-defaultuserECHLcn/xdebug-3.4.1/libtool --tag=CC --mode=compile cc -I. -I/tmp/pear/temp/xdebug -I/tmp/pear/temp/pear-build-defaultuserECHLcn/xdebug-3.4.1/include -I/tmp/pear/temp/pear-build-defaultuserECHLcn/xdebug-3.4.1/main -I/tmp/pear/temp/xdebug -I/usr/local/include/php -I/usr/local/include/php/main -I/usr/local/include/php/TSRM -I/usr/local/include/php/Zend -I/usr/local/include/php/ext -I/usr/local/include/php/ext/date/lib -I/tmp/pear/temp/xdebug/src -I/tmp/pear/temp/pear-build-defaultuserECHLcn/xdebug-3.4.1/src  -DHAVE_CONFIG_H  -g -O2 -D_GNU_SOURCE     -DZEND_COMPILE_DL_EXT=1 -c /tmp/pear/temp/xdebug/src/lib/log.c -o src/lib/log.lo  -MMD -MF src/lib/log.dep -MT src/lib/log.lo
#10 13.81  cc -I. -I/tmp/pear/temp/xdebug -I/tmp/pear/temp/pear-build-defaultuserECHLcn/xdebug-3.4.1/include -I/tmp/pear/temp/pear-build-defaultuserECHLcn/xdebug-3.4.1/main -I/tmp/pear/temp/xdebug -I/usr/local/include/php -I/usr/local/include/php/main -I/usr/local/include/php/TSRM -I/usr/local/include/php/Zend -I/usr/local/include/php/ext -I/usr/local/include/php/ext/date/lib -I/tmp/pear/temp/xdebug/src -I/tmp/pear/temp/pear-build-defaultuserECHLcn/xdebug-3.4.1/src -DHAVE_CONFIG_H -g -O2 -D_GNU_SOURCE -DZEND_COMPILE_DL_EXT=1 -c /tmp/pear/temp/xdebug/src/lib/llist.c -MMD -MF src/lib/llist.dep -MT src/lib/llist.lo  -fPIC -DPIC -o src/lib/.libs/llist.o
#10 13.81  cc -I. -I/tmp/pear/temp/xdebug -I/tmp/pear/temp/pear-build-defaultuserECHLcn/xdebug-3.4.1/include -I/tmp/pear/temp/pear-build-defaultuserECHLcn/xdebug-3.4.1/main -I/tmp/pear/temp/xdebug -I/usr/local/include/php -I/usr/local/include/php/main -I/usr/local/include/php/TSRM -I/usr/local/include/php/Zend -I/usr/local/include/php/ext -I/usr/local/include/php/ext/date/lib -I/tmp/pear/temp/xdebug/src -I/tmp/pear/temp/pear-build-defaultuserECHLcn/xdebug-3.4.1/src -DHAVE_CONFIG_H -g -O2 -D_GNU_SOURCE -DZEND_COMPILE_DL_EXT=1 -c /tmp/pear/temp/xdebug/src/lib/log.c -MMD -MF src/lib/log.dep -MT src/lib/log.lo  -fPIC -DPIC -o src/lib/.libs/log.o
#10 13.88 /bin/sh /tmp/pear/temp/pear-build-defaultuserECHLcn/xdebug-3.4.1/libtool --tag=CC --mode=compile cc -I. -I/tmp/pear/temp/xdebug -I/tmp/pear/temp/pear-build-defaultuserECHLcn/xdebug-3.4.1/include -I/tmp/pear/temp/pear-build-defaultuserECHLcn/xdebug-3.4.1/main -I/tmp/pear/temp/xdebug -I/usr/local/include/php -I/usr/local/include/php/main -I/usr/local/include/php/TSRM -I/usr/local/include/php/Zend -I/usr/local/include/php/ext -I/usr/local/include/php/ext/date/lib -I/tmp/pear/temp/xdebug/src -I/tmp/pear/temp/pear-build-defaultuserECHLcn/xdebug-3.4.1/src  -DHAVE_CONFIG_H  -g -O2 -D_GNU_SOURCE     -DZEND_COMPILE_DL_EXT=1 -c /tmp/pear/temp/xdebug/src/lib/set.c -o src/lib/set.lo  -MMD -MF src/lib/set.dep -MT src/lib/set.lo
#10 13.92 /bin/sh /tmp/pear/temp/pear-build-defaultuserECHLcn/xdebug-3.4.1/libtool --tag=CC --mode=compile cc -I. -I/tmp/pear/temp/xdebug -I/tmp/pear/temp/pear-build-defaultuserECHLcn/xdebug-3.4.1/include -I/tmp/pear/temp/pear-build-defaultuserECHLcn/xdebug-3.4.1/main -I/tmp/pear/temp/xdebug -I/usr/local/include/php -I/usr/local/include/php/main -I/usr/local/include/php/TSRM -I/usr/local/include/php/Zend -I/usr/local/include/php/ext -I/usr/local/include/php/ext/date/lib -I/tmp/pear/temp/xdebug/src -I/tmp/pear/temp/pear-build-defaultuserECHLcn/xdebug-3.4.1/src  -DHAVE_CONFIG_H  -g -O2 -D_GNU_SOURCE     -DZEND_COMPILE_DL_EXT=1 -c /tmp/pear/temp/xdebug/src/lib/str.c -o src/lib/str.lo  -MMD -MF src/lib/str.dep -MT src/lib/str.lo
#10 13.96  cc -I. -I/tmp/pear/temp/xdebug -I/tmp/pear/temp/pear-build-defaultuserECHLcn/xdebug-3.4.1/include -I/tmp/pear/temp/pear-build-defaultuserECHLcn/xdebug-3.4.1/main -I/tmp/pear/temp/xdebug -I/usr/local/include/php -I/usr/local/include/php/main -I/usr/local/include/php/TSRM -I/usr/local/include/php/Zend -I/usr/local/include/php/ext -I/usr/local/include/php/ext/date/lib -I/tmp/pear/temp/xdebug/src -I/tmp/pear/temp/pear-build-defaultuserECHLcn/xdebug-3.4.1/src -DHAVE_CONFIG_H -g -O2 -D_GNU_SOURCE -DZEND_COMPILE_DL_EXT=1 -c /tmp/pear/temp/xdebug/src/lib/set.c -MMD -MF src/lib/set.dep -MT src/lib/set.lo  -fPIC -DPIC -o src/lib/.libs/set.o
#10 14.00  cc -I. -I/tmp/pear/temp/xdebug -I/tmp/pear/temp/pear-build-defaultuserECHLcn/xdebug-3.4.1/include -I/tmp/pear/temp/pear-build-defaultuserECHLcn/xdebug-3.4.1/main -I/tmp/pear/temp/xdebug -I/usr/local/include/php -I/usr/local/include/php/main -I/usr/local/include/php/TSRM -I/usr/local/include/php/Zend -I/usr/local/include/php/ext -I/usr/local/include/php/ext/date/lib -I/tmp/pear/temp/xdebug/src -I/tmp/pear/temp/pear-build-defaultuserECHLcn/xdebug-3.4.1/src -DHAVE_CONFIG_H -g -O2 -D_GNU_SOURCE -DZEND_COMPILE_DL_EXT=1 -c /tmp/pear/temp/xdebug/src/lib/str.c -MMD -MF src/lib/str.dep -MT src/lib/str.lo  -fPIC -DPIC -o src/lib/.libs/str.o
#10 14.04 /bin/sh /tmp/pear/temp/pear-build-defaultuserECHLcn/xdebug-3.4.1/libtool --tag=CC --mode=compile cc -I. -I/tmp/pear/temp/xdebug -I/tmp/pear/temp/pear-build-defaultuserECHLcn/xdebug-3.4.1/include -I/tmp/pear/temp/pear-build-defaultuserECHLcn/xdebug-3.4.1/main -I/tmp/pear/temp/xdebug -I/usr/local/include/php -I/usr/local/include/php/main -I/usr/local/include/php/TSRM -I/usr/local/include/php/Zend -I/usr/local/include/php/ext -I/usr/local/include/php/ext/date/lib -I/tmp/pear/temp/xdebug/src -I/tmp/pear/temp/pear-build-defaultuserECHLcn/xdebug-3.4.1/src  -DHAVE_CONFIG_H  -g -O2 -D_GNU_SOURCE     -DZEND_COMPILE_DL_EXT=1 -c /tmp/pear/temp/xdebug/src/lib/timing.c -o src/lib/timing.lo  -MMD -MF src/lib/timing.dep -MT src/lib/timing.lo
#10 14.11  cc -I. -I/tmp/pear/temp/xdebug -I/tmp/pear/temp/pear-build-defaultuserECHLcn/xdebug-3.4.1/include -I/tmp/pear/temp/pear-build-defaultuserECHLcn/xdebug-3.4.1/main -I/tmp/pear/temp/xdebug -I/usr/local/include/php -I/usr/local/include/php/main -I/usr/local/include/php/TSRM -I/usr/local/include/php/Zend -I/usr/local/include/php/ext -I/usr/local/include/php/ext/date/lib -I/tmp/pear/temp/xdebug/src -I/tmp/pear/temp/pear-build-defaultuserECHLcn/xdebug-3.4.1/src -DHAVE_CONFIG_H -g -O2 -D_GNU_SOURCE -DZEND_COMPILE_DL_EXT=1 -c /tmp/pear/temp/xdebug/src/lib/timing.c -MMD -MF src/lib/timing.dep -MT src/lib/timing.lo  -fPIC -DPIC -o src/lib/.libs/timing.o
#10 14.42 /bin/sh /tmp/pear/temp/pear-build-defaultuserECHLcn/xdebug-3.4.1/libtool --tag=CC --mode=compile cc -I. -I/tmp/pear/temp/xdebug -I/tmp/pear/temp/pear-build-defaultuserECHLcn/xdebug-3.4.1/include -I/tmp/pear/temp/pear-build-defaultuserECHLcn/xdebug-3.4.1/main -I/tmp/pear/temp/xdebug -I/usr/local/include/php -I/usr/local/include/php/main -I/usr/local/include/php/TSRM -I/usr/local/include/php/Zend -I/usr/local/include/php/ext -I/usr/local/include/php/ext/date/lib -I/tmp/pear/temp/xdebug/src -I/tmp/pear/temp/pear-build-defaultuserECHLcn/xdebug-3.4.1/src  -DHAVE_CONFIG_H  -g -O2 -D_GNU_SOURCE     -DZEND_COMPILE_DL_EXT=1 -c /tmp/pear/temp/xdebug/src/lib/var.c -o src/lib/var.lo  -MMD -MF src/lib/var.dep -MT src/lib/var.lo
#10 14.44 /bin/sh /tmp/pear/temp/pear-build-defaultuserECHLcn/xdebug-3.4.1/libtool --tag=CC --mode=compile cc -I. -I/tmp/pear/temp/xdebug -I/tmp/pear/temp/pear-build-defaultuserECHLcn/xdebug-3.4.1/include -I/tmp/pear/temp/pear-build-defaultuserECHLcn/xdebug-3.4.1/main -I/tmp/pear/temp/xdebug -I/usr/local/include/php -I/usr/local/include/php/main -I/usr/local/include/php/TSRM -I/usr/local/include/php/Zend -I/usr/local/include/php/ext -I/usr/local/include/php/ext/date/lib -I/tmp/pear/temp/xdebug/src -I/tmp/pear/temp/pear-build-defaultuserECHLcn/xdebug-3.4.1/src  -DHAVE_CONFIG_H  -g -O2 -D_GNU_SOURCE     -DZEND_COMPILE_DL_EXT=1 -c /tmp/pear/temp/xdebug/src/lib/var_export_html.c -o src/lib/var_export_html.lo  -MMD -MF src/lib/var_export_html.dep -MT src/lib/var_export_html.lo
#10 14.47 /bin/sh /tmp/pear/temp/pear-build-defaultuserECHLcn/xdebug-3.4.1/libtool --tag=CC --mode=compile cc -I. -I/tmp/pear/temp/xdebug -I/tmp/pear/temp/pear-build-defaultuserECHLcn/xdebug-3.4.1/include -I/tmp/pear/temp/pear-build-defaultuserECHLcn/xdebug-3.4.1/main -I/tmp/pear/temp/xdebug -I/usr/local/include/php -I/usr/local/include/php/main -I/usr/local/include/php/TSRM -I/usr/local/include/php/Zend -I/usr/local/include/php/ext -I/usr/local/include/php/ext/date/lib -I/tmp/pear/temp/xdebug/src -I/tmp/pear/temp/pear-build-defaultuserECHLcn/xdebug-3.4.1/src  -DHAVE_CONFIG_H  -g -O2 -D_GNU_SOURCE     -DZEND_COMPILE_DL_EXT=1 -c /tmp/pear/temp/xdebug/src/lib/var_export_line.c -o src/lib/var_export_line.lo  -MMD -MF src/lib/var_export_line.dep -MT src/lib/var_export_line.lo
#10 14.50  cc -I. -I/tmp/pear/temp/xdebug -I/tmp/pear/temp/pear-build-defaultuserECHLcn/xdebug-3.4.1/include -I/tmp/pear/temp/pear-build-defaultuserECHLcn/xdebug-3.4.1/main -I/tmp/pear/temp/xdebug -I/usr/local/include/php -I/usr/local/include/php/main -I/usr/local/include/php/TSRM -I/usr/local/include/php/Zend -I/usr/local/include/php/ext -I/usr/local/include/php/ext/date/lib -I/tmp/pear/temp/xdebug/src -I/tmp/pear/temp/pear-build-defaultuserECHLcn/xdebug-3.4.1/src -DHAVE_CONFIG_H -g -O2 -D_GNU_SOURCE -DZEND_COMPILE_DL_EXT=1 -c /tmp/pear/temp/xdebug/src/lib/var.c -MMD -MF src/lib/var.dep -MT src/lib/var.lo  -fPIC -DPIC -o src/lib/.libs/var.o
#10 14.50 /bin/sh /tmp/pear/temp/pear-build-defaultuserECHLcn/xdebug-3.4.1/libtool --tag=CC --mode=compile cc -I. -I/tmp/pear/temp/xdebug -I/tmp/pear/temp/pear-build-defaultuserECHLcn/xdebug-3.4.1/include -I/tmp/pear/temp/pear-build-defaultuserECHLcn/xdebug-3.4.1/main -I/tmp/pear/temp/xdebug -I/usr/local/include/php -I/usr/local/include/php/main -I/usr/local/include/php/TSRM -I/usr/local/include/php/Zend -I/usr/local/include/php/ext -I/usr/local/include/php/ext/date/lib -I/tmp/pear/temp/xdebug/src -I/tmp/pear/temp/pear-build-defaultuserECHLcn/xdebug-3.4.1/src  -DHAVE_CONFIG_H  -g -O2 -D_GNU_SOURCE     -DZEND_COMPILE_DL_EXT=1 -c /tmp/pear/temp/xdebug/src/lib/var_export_text.c -o src/lib/var_export_text.lo  -MMD -MF src/lib/var_export_text.dep -MT src/lib/var_export_text.lo
#10 14.51  cc -I. -I/tmp/pear/temp/xdebug -I/tmp/pear/temp/pear-build-defaultuserECHLcn/xdebug-3.4.1/include -I/tmp/pear/temp/pear-build-defaultuserECHLcn/xdebug-3.4.1/main -I/tmp/pear/temp/xdebug -I/usr/local/include/php -I/usr/local/include/php/main -I/usr/local/include/php/TSRM -I/usr/local/include/php/Zend -I/usr/local/include/php/ext -I/usr/local/include/php/ext/date/lib -I/tmp/pear/temp/xdebug/src -I/tmp/pear/temp/pear-build-defaultuserECHLcn/xdebug-3.4.1/src -DHAVE_CONFIG_H -g -O2 -D_GNU_SOURCE -DZEND_COMPILE_DL_EXT=1 -c /tmp/pear/temp/xdebug/src/lib/var_export_html.c -MMD -MF src/lib/var_export_html.dep -MT src/lib/var_export_html.lo  -fPIC -DPIC -o src/lib/.libs/var_export_html.o
#10 14.54  cc -I. -I/tmp/pear/temp/xdebug -I/tmp/pear/temp/pear-build-defaultuserECHLcn/xdebug-3.4.1/include -I/tmp/pear/temp/pear-build-defaultuserECHLcn/xdebug-3.4.1/main -I/tmp/pear/temp/xdebug -I/usr/local/include/php -I/usr/local/include/php/main -I/usr/local/include/php/TSRM -I/usr/local/include/php/Zend -I/usr/local/include/php/ext -I/usr/local/include/php/ext/date/lib -I/tmp/pear/temp/xdebug/src -I/tmp/pear/temp/pear-build-defaultuserECHLcn/xdebug-3.4.1/src -DHAVE_CONFIG_H -g -O2 -D_GNU_SOURCE -DZEND_COMPILE_DL_EXT=1 -c /tmp/pear/temp/xdebug/src/lib/var_export_line.c -MMD -MF src/lib/var_export_line.dep -MT src/lib/var_export_line.lo  -fPIC -DPIC -o src/lib/.libs/var_export_line.o
#10 14.58  cc -I. -I/tmp/pear/temp/xdebug -I/tmp/pear/temp/pear-build-defaultuserECHLcn/xdebug-3.4.1/include -I/tmp/pear/temp/pear-build-defaultuserECHLcn/xdebug-3.4.1/main -I/tmp/pear/temp/xdebug -I/usr/local/include/php -I/usr/local/include/php/main -I/usr/local/include/php/TSRM -I/usr/local/include/php/Zend -I/usr/local/include/php/ext -I/usr/local/include/php/ext/date/lib -I/tmp/pear/temp/xdebug/src -I/tmp/pear/temp/pear-build-defaultuserECHLcn/xdebug-3.4.1/src -DHAVE_CONFIG_H -g -O2 -D_GNU_SOURCE -DZEND_COMPILE_DL_EXT=1 -c /tmp/pear/temp/xdebug/src/lib/var_export_text.c -MMD -MF src/lib/var_export_text.dep -MT src/lib/var_export_text.lo  -fPIC -DPIC -o src/lib/.libs/var_export_text.o
#10 15.00 /bin/sh /tmp/pear/temp/pear-build-defaultuserECHLcn/xdebug-3.4.1/libtool --tag=CC --mode=compile cc -I. -I/tmp/pear/temp/xdebug -I/tmp/pear/temp/pear-build-defaultuserECHLcn/xdebug-3.4.1/include -I/tmp/pear/temp/pear-build-defaultuserECHLcn/xdebug-3.4.1/main -I/tmp/pear/temp/xdebug -I/usr/local/include/php -I/usr/local/include/php/main -I/usr/local/include/php/TSRM -I/usr/local/include/php/Zend -I/usr/local/include/php/ext -I/usr/local/include/php/ext/date/lib -I/tmp/pear/temp/xdebug/src -I/tmp/pear/temp/pear-build-defaultuserECHLcn/xdebug-3.4.1/src  -DHAVE_CONFIG_H  -g -O2 -D_GNU_SOURCE     -DZEND_COMPILE_DL_EXT=1 -c /tmp/pear/temp/xdebug/src/lib/var_export_xml.c -o src/lib/var_export_xml.lo  -MMD -MF src/lib/var_export_xml.dep -MT src/lib/var_export_xml.lo
#10 15.01 /bin/sh /tmp/pear/temp/pear-build-defaultuserECHLcn/xdebug-3.4.1/libtool --tag=CC --mode=compile cc -I. -I/tmp/pear/temp/xdebug -I/tmp/pear/temp/pear-build-defaultuserECHLcn/xdebug-3.4.1/include -I/tmp/pear/temp/pear-build-defaultuserECHLcn/xdebug-3.4.1/main -I/tmp/pear/temp/xdebug -I/usr/local/include/php -I/usr/local/include/php/main -I/usr/local/include/php/TSRM -I/usr/local/include/php/Zend -I/usr/local/include/php/ext -I/usr/local/include/php/ext/date/lib -I/tmp/pear/temp/xdebug/src -I/tmp/pear/temp/pear-build-defaultuserECHLcn/xdebug-3.4.1/src  -DHAVE_CONFIG_H  -g -O2 -D_GNU_SOURCE     -DZEND_COMPILE_DL_EXT=1 -c /tmp/pear/temp/xdebug/src/lib/xml.c -o src/lib/xml.lo  -MMD -MF src/lib/xml.dep -MT src/lib/xml.lo
#10 15.08  cc -I. -I/tmp/pear/temp/xdebug -I/tmp/pear/temp/pear-build-defaultuserECHLcn/xdebug-3.4.1/include -I/tmp/pear/temp/pear-build-defaultuserECHLcn/xdebug-3.4.1/main -I/tmp/pear/temp/xdebug -I/usr/local/include/php -I/usr/local/include/php/main -I/usr/local/include/php/TSRM -I/usr/local/include/php/Zend -I/usr/local/include/php/ext -I/usr/local/include/php/ext/date/lib -I/tmp/pear/temp/xdebug/src -I/tmp/pear/temp/pear-build-defaultuserECHLcn/xdebug-3.4.1/src -DHAVE_CONFIG_H -g -O2 -D_GNU_SOURCE -DZEND_COMPILE_DL_EXT=1 -c /tmp/pear/temp/xdebug/src/lib/var_export_xml.c -MMD -MF src/lib/var_export_xml.dep -MT src/lib/var_export_xml.lo  -fPIC -DPIC -o src/lib/.libs/var_export_xml.o
#10 15.09  cc -I. -I/tmp/pear/temp/xdebug -I/tmp/pear/temp/pear-build-defaultuserECHLcn/xdebug-3.4.1/include -I/tmp/pear/temp/pear-build-defaultuserECHLcn/xdebug-3.4.1/main -I/tmp/pear/temp/xdebug -I/usr/local/include/php -I/usr/local/include/php/main -I/usr/local/include/php/TSRM -I/usr/local/include/php/Zend -I/usr/local/include/php/ext -I/usr/local/include/php/ext/date/lib -I/tmp/pear/temp/xdebug/src -I/tmp/pear/temp/pear-build-defaultuserECHLcn/xdebug-3.4.1/src -DHAVE_CONFIG_H -g -O2 -D_GNU_SOURCE -DZEND_COMPILE_DL_EXT=1 -c /tmp/pear/temp/xdebug/src/lib/xml.c -MMD -MF src/lib/xml.dep -MT src/lib/xml.lo  -fPIC -DPIC -o src/lib/.libs/xml.o
#10 15.17 /bin/sh /tmp/pear/temp/pear-build-defaultuserECHLcn/xdebug-3.4.1/libtool --tag=CC --mode=compile cc -I. -I/tmp/pear/temp/xdebug -I/tmp/pear/temp/pear-build-defaultuserECHLcn/xdebug-3.4.1/include -I/tmp/pear/temp/pear-build-defaultuserECHLcn/xdebug-3.4.1/main -I/tmp/pear/temp/xdebug -I/usr/local/include/php -I/usr/local/include/php/main -I/usr/local/include/php/TSRM -I/usr/local/include/php/Zend -I/usr/local/include/php/ext -I/usr/local/include/php/ext/date/lib -I/tmp/pear/temp/xdebug/src -I/tmp/pear/temp/pear-build-defaultuserECHLcn/xdebug-3.4.1/src  -DHAVE_CONFIG_H  -g -O2 -D_GNU_SOURCE     -DZEND_COMPILE_DL_EXT=1 -c /tmp/pear/temp/xdebug/src/coverage/branch_info.c -o src/coverage/branch_info.lo  -MMD -MF src/coverage/branch_info.dep -MT src/coverage/branch_info.lo
#10 15.24 mkdir src/coverage/.libs
#10 15.25  cc -I. -I/tmp/pear/temp/xdebug -I/tmp/pear/temp/pear-build-defaultuserECHLcn/xdebug-3.4.1/include -I/tmp/pear/temp/pear-build-defaultuserECHLcn/xdebug-3.4.1/main -I/tmp/pear/temp/xdebug -I/usr/local/include/php -I/usr/local/include/php/main -I/usr/local/include/php/TSRM -I/usr/local/include/php/Zend -I/usr/local/include/php/ext -I/usr/local/include/php/ext/date/lib -I/tmp/pear/temp/xdebug/src -I/tmp/pear/temp/pear-build-defaultuserECHLcn/xdebug-3.4.1/src -DHAVE_CONFIG_H -g -O2 -D_GNU_SOURCE -DZEND_COMPILE_DL_EXT=1 -c /tmp/pear/temp/xdebug/src/coverage/branch_info.c -MMD -MF src/coverage/branch_info.dep -MT src/coverage/branch_info.lo  -fPIC -DPIC -o src/coverage/.libs/branch_info.o
#10 15.46 /bin/sh /tmp/pear/temp/pear-build-defaultuserECHLcn/xdebug-3.4.1/libtool --tag=CC --mode=compile cc -I. -I/tmp/pear/temp/xdebug -I/tmp/pear/temp/pear-build-defaultuserECHLcn/xdebug-3.4.1/include -I/tmp/pear/temp/pear-build-defaultuserECHLcn/xdebug-3.4.1/main -I/tmp/pear/temp/xdebug -I/usr/local/include/php -I/usr/local/include/php/main -I/usr/local/include/php/TSRM -I/usr/local/include/php/Zend -I/usr/local/include/php/ext -I/usr/local/include/php/ext/date/lib -I/tmp/pear/temp/xdebug/src -I/tmp/pear/temp/pear-build-defaultuserECHLcn/xdebug-3.4.1/src  -DHAVE_CONFIG_H  -g -O2 -D_GNU_SOURCE     -DZEND_COMPILE_DL_EXT=1 -c /tmp/pear/temp/xdebug/src/coverage/code_coverage.c -o src/coverage/code_coverage.lo  -MMD -MF src/coverage/code_coverage.dep -MT src/coverage/code_coverage.lo
#10 15.53  cc -I. -I/tmp/pear/temp/xdebug -I/tmp/pear/temp/pear-build-defaultuserECHLcn/xdebug-3.4.1/include -I/tmp/pear/temp/pear-build-defaultuserECHLcn/xdebug-3.4.1/main -I/tmp/pear/temp/xdebug -I/usr/local/include/php -I/usr/local/include/php/main -I/usr/local/include/php/TSRM -I/usr/local/include/php/Zend -I/usr/local/include/php/ext -I/usr/local/include/php/ext/date/lib -I/tmp/pear/temp/xdebug/src -I/tmp/pear/temp/pear-build-defaultuserECHLcn/xdebug-3.4.1/src -DHAVE_CONFIG_H -g -O2 -D_GNU_SOURCE -DZEND_COMPILE_DL_EXT=1 -c /tmp/pear/temp/xdebug/src/coverage/code_coverage.c -MMD -MF src/coverage/code_coverage.dep -MT src/coverage/code_coverage.lo  -fPIC -DPIC -o src/coverage/.libs/code_coverage.o
#10 15.58 /bin/sh /tmp/pear/temp/pear-build-defaultuserECHLcn/xdebug-3.4.1/libtool --tag=CC --mode=compile cc -I. -I/tmp/pear/temp/xdebug -I/tmp/pear/temp/pear-build-defaultuserECHLcn/xdebug-3.4.1/include -I/tmp/pear/temp/pear-build-defaultuserECHLcn/xdebug-3.4.1/main -I/tmp/pear/temp/xdebug -I/usr/local/include/php -I/usr/local/include/php/main -I/usr/local/include/php/TSRM -I/usr/local/include/php/Zend -I/usr/local/include/php/ext -I/usr/local/include/php/ext/date/lib -I/tmp/pear/temp/xdebug/src -I/tmp/pear/temp/pear-build-defaultuserECHLcn/xdebug-3.4.1/src  -DHAVE_CONFIG_H  -g -O2 -D_GNU_SOURCE     -DZEND_COMPILE_DL_EXT=1 -c /tmp/pear/temp/xdebug/src/debugger/com.c -o src/debugger/com.lo  -MMD -MF src/debugger/com.dep -MT src/debugger/com.lo
#10 15.65 mkdir src/debugger/.libs
#10 15.66  cc -I. -I/tmp/pear/temp/xdebug -I/tmp/pear/temp/pear-build-defaultuserECHLcn/xdebug-3.4.1/include -I/tmp/pear/temp/pear-build-defaultuserECHLcn/xdebug-3.4.1/main -I/tmp/pear/temp/xdebug -I/usr/local/include/php -I/usr/local/include/php/main -I/usr/local/include/php/TSRM -I/usr/local/include/php/Zend -I/usr/local/include/php/ext -I/usr/local/include/php/ext/date/lib -I/tmp/pear/temp/xdebug/src -I/tmp/pear/temp/pear-build-defaultuserECHLcn/xdebug-3.4.1/src -DHAVE_CONFIG_H -g -O2 -D_GNU_SOURCE -DZEND_COMPILE_DL_EXT=1 -c /tmp/pear/temp/xdebug/src/debugger/com.c -MMD -MF src/debugger/com.dep -MT src/debugger/com.lo  -fPIC -DPIC -o src/debugger/.libs/com.o
#10 15.84 /bin/sh /tmp/pear/temp/pear-build-defaultuserECHLcn/xdebug-3.4.1/libtool --tag=CC --mode=compile cc -I. -I/tmp/pear/temp/xdebug -I/tmp/pear/temp/pear-build-defaultuserECHLcn/xdebug-3.4.1/include -I/tmp/pear/temp/pear-build-defaultuserECHLcn/xdebug-3.4.1/main -I/tmp/pear/temp/xdebug -I/usr/local/include/php -I/usr/local/include/php/main -I/usr/local/include/php/TSRM -I/usr/local/include/php/Zend -I/usr/local/include/php/ext -I/usr/local/include/php/ext/date/lib -I/tmp/pear/temp/xdebug/src -I/tmp/pear/temp/pear-build-defaultuserECHLcn/xdebug-3.4.1/src  -DHAVE_CONFIG_H  -g -O2 -D_GNU_SOURCE     -DZEND_COMPILE_DL_EXT=1 -c /tmp/pear/temp/xdebug/src/debugger/debugger.c -o src/debugger/debugger.lo  -MMD -MF src/debugger/debugger.dep -MT src/debugger/debugger.lo
#10 15.91 /bin/sh /tmp/pear/temp/pear-build-defaultuserECHLcn/xdebug-3.4.1/libtool --tag=CC --mode=compile cc -I. -I/tmp/pear/temp/xdebug -I/tmp/pear/temp/pear-build-defaultuserECHLcn/xdebug-3.4.1/include -I/tmp/pear/temp/pear-build-defaultuserECHLcn/xdebug-3.4.1/main -I/tmp/pear/temp/xdebug -I/usr/local/include/php -I/usr/local/include/php/main -I/usr/local/include/php/TSRM -I/usr/local/include/php/Zend -I/usr/local/include/php/ext -I/usr/local/include/php/ext/date/lib -I/tmp/pear/temp/xdebug/src -I/tmp/pear/temp/pear-build-defaultuserECHLcn/xdebug-3.4.1/src  -DHAVE_CONFIG_H  -g -O2 -D_GNU_SOURCE     -DZEND_COMPILE_DL_EXT=1 -c /tmp/pear/temp/xdebug/src/debugger/handler_dbgp.c -o src/debugger/handler_dbgp.lo  -MMD -MF src/debugger/handler_dbgp.dep -MT src/debugger/handler_dbgp.lo
#10 15.91  cc -I. -I/tmp/pear/temp/xdebug -I/tmp/pear/temp/pear-build-defaultuserECHLcn/xdebug-3.4.1/include -I/tmp/pear/temp/pear-build-defaultuserECHLcn/xdebug-3.4.1/main -I/tmp/pear/temp/xdebug -I/usr/local/include/php -I/usr/local/include/php/main -I/usr/local/include/php/TSRM -I/usr/local/include/php/Zend -I/usr/local/include/php/ext -I/usr/local/include/php/ext/date/lib -I/tmp/pear/temp/xdebug/src -I/tmp/pear/temp/pear-build-defaultuserECHLcn/xdebug-3.4.1/src -DHAVE_CONFIG_H -g -O2 -D_GNU_SOURCE -DZEND_COMPILE_DL_EXT=1 -c /tmp/pear/temp/xdebug/src/debugger/debugger.c -MMD -MF src/debugger/debugger.dep -MT src/debugger/debugger.lo  -fPIC -DPIC -o src/debugger/.libs/debugger.o
#10 15.99  cc -I. -I/tmp/pear/temp/xdebug -I/tmp/pear/temp/pear-build-defaultuserECHLcn/xdebug-3.4.1/include -I/tmp/pear/temp/pear-build-defaultuserECHLcn/xdebug-3.4.1/main -I/tmp/pear/temp/xdebug -I/usr/local/include/php -I/usr/local/include/php/main -I/usr/local/include/php/TSRM -I/usr/local/include/php/Zend -I/usr/local/include/php/ext -I/usr/local/include/php/ext/date/lib -I/tmp/pear/temp/xdebug/src -I/tmp/pear/temp/pear-build-defaultuserECHLcn/xdebug-3.4.1/src -DHAVE_CONFIG_H -g -O2 -D_GNU_SOURCE -DZEND_COMPILE_DL_EXT=1 -c /tmp/pear/temp/xdebug/src/debugger/handler_dbgp.c -MMD -MF src/debugger/handler_dbgp.dep -MT src/debugger/handler_dbgp.lo  -fPIC -DPIC -o src/debugger/.libs/handler_dbgp.o
#10 16.23 /bin/sh /tmp/pear/temp/pear-build-defaultuserECHLcn/xdebug-3.4.1/libtool --tag=CC --mode=compile cc -I. -I/tmp/pear/temp/xdebug -I/tmp/pear/temp/pear-build-defaultuserECHLcn/xdebug-3.4.1/include -I/tmp/pear/temp/pear-build-defaultuserECHLcn/xdebug-3.4.1/main -I/tmp/pear/temp/xdebug -I/usr/local/include/php -I/usr/local/include/php/main -I/usr/local/include/php/TSRM -I/usr/local/include/php/Zend -I/usr/local/include/php/ext -I/usr/local/include/php/ext/date/lib -I/tmp/pear/temp/xdebug/src -I/tmp/pear/temp/pear-build-defaultuserECHLcn/xdebug-3.4.1/src  -DHAVE_CONFIG_H  -g -O2 -D_GNU_SOURCE     -DZEND_COMPILE_DL_EXT=1 -c /tmp/pear/temp/xdebug/src/debugger/handlers.c -o src/debugger/handlers.lo  -MMD -MF src/debugger/handlers.dep -MT src/debugger/handlers.lo
#10 16.31  cc -I. -I/tmp/pear/temp/xdebug -I/tmp/pear/temp/pear-build-defaultuserECHLcn/xdebug-3.4.1/include -I/tmp/pear/temp/pear-build-defaultuserECHLcn/xdebug-3.4.1/main -I/tmp/pear/temp/xdebug -I/usr/local/include/php -I/usr/local/include/php/main -I/usr/local/include/php/TSRM -I/usr/local/include/php/Zend -I/usr/local/include/php/ext -I/usr/local/include/php/ext/date/lib -I/tmp/pear/temp/xdebug/src -I/tmp/pear/temp/pear-build-defaultuserECHLcn/xdebug-3.4.1/src -DHAVE_CONFIG_H -g -O2 -D_GNU_SOURCE -DZEND_COMPILE_DL_EXT=1 -c /tmp/pear/temp/xdebug/src/debugger/handlers.c -MMD -MF src/debugger/handlers.dep -MT src/debugger/handlers.lo  -fPIC -DPIC -o src/debugger/.libs/handlers.o
#10 16.57 /bin/sh /tmp/pear/temp/pear-build-defaultuserECHLcn/xdebug-3.4.1/libtool --tag=CC --mode=compile cc -I. -I/tmp/pear/temp/xdebug -I/tmp/pear/temp/pear-build-defaultuserECHLcn/xdebug-3.4.1/include -I/tmp/pear/temp/pear-build-defaultuserECHLcn/xdebug-3.4.1/main -I/tmp/pear/temp/xdebug -I/usr/local/include/php -I/usr/local/include/php/main -I/usr/local/include/php/TSRM -I/usr/local/include/php/Zend -I/usr/local/include/php/ext -I/usr/local/include/php/ext/date/lib -I/tmp/pear/temp/xdebug/src -I/tmp/pear/temp/pear-build-defaultuserECHLcn/xdebug-3.4.1/src  -DHAVE_CONFIG_H  -g -O2 -D_GNU_SOURCE     -DZEND_COMPILE_DL_EXT=1 -c /tmp/pear/temp/xdebug/src/debugger/ip_info.c -o src/debugger/ip_info.lo  -MMD -MF src/debugger/ip_info.dep -MT src/debugger/ip_info.lo
#10 16.61 /bin/sh /tmp/pear/temp/pear-build-defaultuserECHLcn/xdebug-3.4.1/libtool --tag=CC --mode=compile cc -I. -I/tmp/pear/temp/xdebug -I/tmp/pear/temp/pear-build-defaultuserECHLcn/xdebug-3.4.1/include -I/tmp/pear/temp/pear-build-defaultuserECHLcn/xdebug-3.4.1/main -I/tmp/pear/temp/xdebug -I/usr/local/include/php -I/usr/local/include/php/main -I/usr/local/include/php/TSRM -I/usr/local/include/php/Zend -I/usr/local/include/php/ext -I/usr/local/include/php/ext/date/lib -I/tmp/pear/temp/xdebug/src -I/tmp/pear/temp/pear-build-defaultuserECHLcn/xdebug-3.4.1/src  -DHAVE_CONFIG_H  -g -O2 -D_GNU_SOURCE     -DZEND_COMPILE_DL_EXT=1 -c /tmp/pear/temp/xdebug/src/develop/develop.c -o src/develop/develop.lo  -MMD -MF src/develop/develop.dep -MT src/develop/develop.lo
#10 16.65  cc -I. -I/tmp/pear/temp/xdebug -I/tmp/pear/temp/pear-build-defaultuserECHLcn/xdebug-3.4.1/include -I/tmp/pear/temp/pear-build-defaultuserECHLcn/xdebug-3.4.1/main -I/tmp/pear/temp/xdebug -I/usr/local/include/php -I/usr/local/include/php/main -I/usr/local/include/php/TSRM -I/usr/local/include/php/Zend -I/usr/local/include/php/ext -I/usr/local/include/php/ext/date/lib -I/tmp/pear/temp/xdebug/src -I/tmp/pear/temp/pear-build-defaultuserECHLcn/xdebug-3.4.1/src -DHAVE_CONFIG_H -g -O2 -D_GNU_SOURCE -DZEND_COMPILE_DL_EXT=1 -c /tmp/pear/temp/xdebug/src/debugger/ip_info.c -MMD -MF src/debugger/ip_info.dep -MT src/debugger/ip_info.lo  -fPIC -DPIC -o src/debugger/.libs/ip_info.o
#10 16.68 mkdir src/develop/.libs
#10 16.68  cc -I. -I/tmp/pear/temp/xdebug -I/tmp/pear/temp/pear-build-defaultuserECHLcn/xdebug-3.4.1/include -I/tmp/pear/temp/pear-build-defaultuserECHLcn/xdebug-3.4.1/main -I/tmp/pear/temp/xdebug -I/usr/local/include/php -I/usr/local/include/php/main -I/usr/local/include/php/TSRM -I/usr/local/include/php/Zend -I/usr/local/include/php/ext -I/usr/local/include/php/ext/date/lib -I/tmp/pear/temp/xdebug/src -I/tmp/pear/temp/pear-build-defaultuserECHLcn/xdebug-3.4.1/src -DHAVE_CONFIG_H -g -O2 -D_GNU_SOURCE -DZEND_COMPILE_DL_EXT=1 -c /tmp/pear/temp/xdebug/src/develop/develop.c -MMD -MF src/develop/develop.dep -MT src/develop/develop.lo  -fPIC -DPIC -o src/develop/.libs/develop.o
#10 16.71 /bin/sh /tmp/pear/temp/pear-build-defaultuserECHLcn/xdebug-3.4.1/libtool --tag=CC --mode=compile cc -I. -I/tmp/pear/temp/xdebug -I/tmp/pear/temp/pear-build-defaultuserECHLcn/xdebug-3.4.1/include -I/tmp/pear/temp/pear-build-defaultuserECHLcn/xdebug-3.4.1/main -I/tmp/pear/temp/xdebug -I/usr/local/include/php -I/usr/local/include/php/main -I/usr/local/include/php/TSRM -I/usr/local/include/php/Zend -I/usr/local/include/php/ext -I/usr/local/include/php/ext/date/lib -I/tmp/pear/temp/xdebug/src -I/tmp/pear/temp/pear-build-defaultuserECHLcn/xdebug-3.4.1/src  -DHAVE_CONFIG_H  -g -O2 -D_GNU_SOURCE     -DZEND_COMPILE_DL_EXT=1 -c /tmp/pear/temp/xdebug/src/develop/monitor.c -o src/develop/monitor.lo  -MMD -MF src/develop/monitor.dep -MT src/develop/monitor.lo
#10 16.80  cc -I. -I/tmp/pear/temp/xdebug -I/tmp/pear/temp/pear-build-defaultuserECHLcn/xdebug-3.4.1/include -I/tmp/pear/temp/pear-build-defaultuserECHLcn/xdebug-3.4.1/main -I/tmp/pear/temp/xdebug -I/usr/local/include/php -I/usr/local/include/php/main -I/usr/local/include/php/TSRM -I/usr/local/include/php/Zend -I/usr/local/include/php/ext -I/usr/local/include/php/ext/date/lib -I/tmp/pear/temp/xdebug/src -I/tmp/pear/temp/pear-build-defaultuserECHLcn/xdebug-3.4.1/src -DHAVE_CONFIG_H -g -O2 -D_GNU_SOURCE -DZEND_COMPILE_DL_EXT=1 -c /tmp/pear/temp/xdebug/src/develop/monitor.c -MMD -MF src/develop/monitor.dep -MT src/develop/monitor.lo  -fPIC -DPIC -o src/develop/.libs/monitor.o
#10 17.00 /bin/sh /tmp/pear/temp/pear-build-defaultuserECHLcn/xdebug-3.4.1/libtool --tag=CC --mode=compile cc -I. -I/tmp/pear/temp/xdebug -I/tmp/pear/temp/pear-build-defaultuserECHLcn/xdebug-3.4.1/include -I/tmp/pear/temp/pear-build-defaultuserECHLcn/xdebug-3.4.1/main -I/tmp/pear/temp/xdebug -I/usr/local/include/php -I/usr/local/include/php/main -I/usr/local/include/php/TSRM -I/usr/local/include/php/Zend -I/usr/local/include/php/ext -I/usr/local/include/php/ext/date/lib -I/tmp/pear/temp/xdebug/src -I/tmp/pear/temp/pear-build-defaultuserECHLcn/xdebug-3.4.1/src  -DHAVE_CONFIG_H  -g -O2 -D_GNU_SOURCE     -DZEND_COMPILE_DL_EXT=1 -c /tmp/pear/temp/xdebug/src/develop/php_functions.c -o src/develop/php_functions.lo  -MMD -MF src/develop/php_functions.dep -MT src/develop/php_functions.lo
#10 17.01 /bin/sh /tmp/pear/temp/pear-build-defaultuserECHLcn/xdebug-3.4.1/libtool --tag=CC --mode=compile cc -I. -I/tmp/pear/temp/xdebug -I/tmp/pear/temp/pear-build-defaultuserECHLcn/xdebug-3.4.1/include -I/tmp/pear/temp/pear-build-defaultuserECHLcn/xdebug-3.4.1/main -I/tmp/pear/temp/xdebug -I/usr/local/include/php -I/usr/local/include/php/main -I/usr/local/include/php/TSRM -I/usr/local/include/php/Zend -I/usr/local/include/php/ext -I/usr/local/include/php/ext/date/lib -I/tmp/pear/temp/xdebug/src -I/tmp/pear/temp/pear-build-defaultuserECHLcn/xdebug-3.4.1/src  -DHAVE_CONFIG_H  -g -O2 -D_GNU_SOURCE     -DZEND_COMPILE_DL_EXT=1 -c /tmp/pear/temp/xdebug/src/develop/stack.c -o src/develop/stack.lo  -MMD -MF src/develop/stack.dep -MT src/develop/stack.lo
#10 17.07  cc -I. -I/tmp/pear/temp/xdebug -I/tmp/pear/temp/pear-build-defaultuserECHLcn/xdebug-3.4.1/include -I/tmp/pear/temp/pear-build-defaultuserECHLcn/xdebug-3.4.1/main -I/tmp/pear/temp/xdebug -I/usr/local/include/php -I/usr/local/include/php/main -I/usr/local/include/php/TSRM -I/usr/local/include/php/Zend -I/usr/local/include/php/ext -I/usr/local/include/php/ext/date/lib -I/tmp/pear/temp/xdebug/src -I/tmp/pear/temp/pear-build-defaultuserECHLcn/xdebug-3.4.1/src -DHAVE_CONFIG_H -g -O2 -D_GNU_SOURCE -DZEND_COMPILE_DL_EXT=1 -c /tmp/pear/temp/xdebug/src/develop/php_functions.c -MMD -MF src/develop/php_functions.dep -MT src/develop/php_functions.lo  -fPIC -DPIC -o src/develop/.libs/php_functions.o
#10 17.08  cc -I. -I/tmp/pear/temp/xdebug -I/tmp/pear/temp/pear-build-defaultuserECHLcn/xdebug-3.4.1/include -I/tmp/pear/temp/pear-build-defaultuserECHLcn/xdebug-3.4.1/main -I/tmp/pear/temp/xdebug -I/usr/local/include/php -I/usr/local/include/php/main -I/usr/local/include/php/TSRM -I/usr/local/include/php/Zend -I/usr/local/include/php/ext -I/usr/local/include/php/ext/date/lib -I/tmp/pear/temp/xdebug/src -I/tmp/pear/temp/pear-build-defaultuserECHLcn/xdebug-3.4.1/src -DHAVE_CONFIG_H -g -O2 -D_GNU_SOURCE -DZEND_COMPILE_DL_EXT=1 -c /tmp/pear/temp/xdebug/src/develop/stack.c -MMD -MF src/develop/stack.dep -MT src/develop/stack.lo  -fPIC -DPIC -o src/develop/.libs/stack.o
#10 17.17 /bin/sh /tmp/pear/temp/pear-build-defaultuserECHLcn/xdebug-3.4.1/libtool --tag=CC --mode=compile cc -I. -I/tmp/pear/temp/xdebug -I/tmp/pear/temp/pear-build-defaultuserECHLcn/xdebug-3.4.1/include -I/tmp/pear/temp/pear-build-defaultuserECHLcn/xdebug-3.4.1/main -I/tmp/pear/temp/xdebug -I/usr/local/include/php -I/usr/local/include/php/main -I/usr/local/include/php/TSRM -I/usr/local/include/php/Zend -I/usr/local/include/php/ext -I/usr/local/include/php/ext/date/lib -I/tmp/pear/temp/xdebug/src -I/tmp/pear/temp/pear-build-defaultuserECHLcn/xdebug-3.4.1/src  -DHAVE_CONFIG_H  -g -O2 -D_GNU_SOURCE     -DZEND_COMPILE_DL_EXT=1 -c /tmp/pear/temp/xdebug/src/develop/superglobals.c -o src/develop/superglobals.lo  -MMD -MF src/develop/superglobals.dep -MT src/develop/superglobals.lo
#10 17.25  cc -I. -I/tmp/pear/temp/xdebug -I/tmp/pear/temp/pear-build-defaultuserECHLcn/xdebug-3.4.1/include -I/tmp/pear/temp/pear-build-defaultuserECHLcn/xdebug-3.4.1/main -I/tmp/pear/temp/xdebug -I/usr/local/include/php -I/usr/local/include/php/main -I/usr/local/include/php/TSRM -I/usr/local/include/php/Zend -I/usr/local/include/php/ext -I/usr/local/include/php/ext/date/lib -I/tmp/pear/temp/xdebug/src -I/tmp/pear/temp/pear-build-defaultuserECHLcn/xdebug-3.4.1/src -DHAVE_CONFIG_H -g -O2 -D_GNU_SOURCE -DZEND_COMPILE_DL_EXT=1 -c /tmp/pear/temp/xdebug/src/develop/superglobals.c -MMD -MF src/develop/superglobals.dep -MT src/develop/superglobals.lo  -fPIC -DPIC -o src/develop/.libs/superglobals.o
#10 17.55 /bin/sh /tmp/pear/temp/pear-build-defaultuserECHLcn/xdebug-3.4.1/libtool --tag=CC --mode=compile cc -I. -I/tmp/pear/temp/xdebug -I/tmp/pear/temp/pear-build-defaultuserECHLcn/xdebug-3.4.1/include -I/tmp/pear/temp/pear-build-defaultuserECHLcn/xdebug-3.4.1/main -I/tmp/pear/temp/xdebug -I/usr/local/include/php -I/usr/local/include/php/main -I/usr/local/include/php/TSRM -I/usr/local/include/php/Zend -I/usr/local/include/php/ext -I/usr/local/include/php/ext/date/lib -I/tmp/pear/temp/xdebug/src -I/tmp/pear/temp/pear-build-defaultuserECHLcn/xdebug-3.4.1/src  -DHAVE_CONFIG_H  -g -O2 -D_GNU_SOURCE     -DZEND_COMPILE_DL_EXT=1 -c /tmp/pear/temp/xdebug/src/gcstats/gc_stats.c -o src/gcstats/gc_stats.lo  -MMD -MF src/gcstats/gc_stats.dep -MT src/gcstats/gc_stats.lo
#10 17.62 mkdir src/gcstats/.libs
#10 17.62  cc -I. -I/tmp/pear/temp/xdebug -I/tmp/pear/temp/pear-build-defaultuserECHLcn/xdebug-3.4.1/include -I/tmp/pear/temp/pear-build-defaultuserECHLcn/xdebug-3.4.1/main -I/tmp/pear/temp/xdebug -I/usr/local/include/php -I/usr/local/include/php/main -I/usr/local/include/php/TSRM -I/usr/local/include/php/Zend -I/usr/local/include/php/ext -I/usr/local/include/php/ext/date/lib -I/tmp/pear/temp/xdebug/src -I/tmp/pear/temp/pear-build-defaultuserECHLcn/xdebug-3.4.1/src -DHAVE_CONFIG_H -g -O2 -D_GNU_SOURCE -DZEND_COMPILE_DL_EXT=1 -c /tmp/pear/temp/xdebug/src/gcstats/gc_stats.c -MMD -MF src/gcstats/gc_stats.dep -MT src/gcstats/gc_stats.lo  -fPIC -DPIC -o src/gcstats/.libs/gc_stats.o
#10 17.74 /bin/sh /tmp/pear/temp/pear-build-defaultuserECHLcn/xdebug-3.4.1/libtool --tag=CC --mode=compile cc -I. -I/tmp/pear/temp/xdebug -I/tmp/pear/temp/pear-build-defaultuserECHLcn/xdebug-3.4.1/include -I/tmp/pear/temp/pear-build-defaultuserECHLcn/xdebug-3.4.1/main -I/tmp/pear/temp/xdebug -I/usr/local/include/php -I/usr/local/include/php/main -I/usr/local/include/php/TSRM -I/usr/local/include/php/Zend -I/usr/local/include/php/ext -I/usr/local/include/php/ext/date/lib -I/tmp/pear/temp/xdebug/src -I/tmp/pear/temp/pear-build-defaultuserECHLcn/xdebug-3.4.1/src  -DHAVE_CONFIG_H  -g -O2 -D_GNU_SOURCE     -DZEND_COMPILE_DL_EXT=1 -c /tmp/pear/temp/xdebug/src/profiler/profiler.c -o src/profiler/profiler.lo  -MMD -MF src/profiler/profiler.dep -MT src/profiler/profiler.lo
#10 17.81 mkdir src/profiler/.libs
#10 17.81  cc -I. -I/tmp/pear/temp/xdebug -I/tmp/pear/temp/pear-build-defaultuserECHLcn/xdebug-3.4.1/include -I/tmp/pear/temp/pear-build-defaultuserECHLcn/xdebug-3.4.1/main -I/tmp/pear/temp/xdebug -I/usr/local/include/php -I/usr/local/include/php/main -I/usr/local/include/php/TSRM -I/usr/local/include/php/Zend -I/usr/local/include/php/ext -I/usr/local/include/php/ext/date/lib -I/tmp/pear/temp/xdebug/src -I/tmp/pear/temp/pear-build-defaultuserECHLcn/xdebug-3.4.1/src -DHAVE_CONFIG_H -g -O2 -D_GNU_SOURCE -DZEND_COMPILE_DL_EXT=1 -c /tmp/pear/temp/xdebug/src/profiler/profiler.c -MMD -MF src/profiler/profiler.dep -MT src/profiler/profiler.lo  -fPIC -DPIC -o src/profiler/.libs/profiler.o
#10 18.12 /bin/sh /tmp/pear/temp/pear-build-defaultuserECHLcn/xdebug-3.4.1/libtool --tag=CC --mode=compile cc -I. -I/tmp/pear/temp/xdebug -I/tmp/pear/temp/pear-build-defaultuserECHLcn/xdebug-3.4.1/include -I/tmp/pear/temp/pear-build-defaultuserECHLcn/xdebug-3.4.1/main -I/tmp/pear/temp/xdebug -I/usr/local/include/php -I/usr/local/include/php/main -I/usr/local/include/php/TSRM -I/usr/local/include/php/Zend -I/usr/local/include/php/ext -I/usr/local/include/php/ext/date/lib -I/tmp/pear/temp/xdebug/src -I/tmp/pear/temp/pear-build-defaultuserECHLcn/xdebug-3.4.1/src  -DHAVE_CONFIG_H  -g -O2 -D_GNU_SOURCE     -DZEND_COMPILE_DL_EXT=1 -c /tmp/pear/temp/xdebug/src/tracing/trace_computerized.c -o src/tracing/trace_computerized.lo  -MMD -MF src/tracing/trace_computerized.dep -MT src/tracing/trace_computerized.lo
#10 18.20 mkdir src/tracing/.libs
#10 18.20  cc -I. -I/tmp/pear/temp/xdebug -I/tmp/pear/temp/pear-build-defaultuserECHLcn/xdebug-3.4.1/include -I/tmp/pear/temp/pear-build-defaultuserECHLcn/xdebug-3.4.1/main -I/tmp/pear/temp/xdebug -I/usr/local/include/php -I/usr/local/include/php/main -I/usr/local/include/php/TSRM -I/usr/local/include/php/Zend -I/usr/local/include/php/ext -I/usr/local/include/php/ext/date/lib -I/tmp/pear/temp/xdebug/src -I/tmp/pear/temp/pear-build-defaultuserECHLcn/xdebug-3.4.1/src -DHAVE_CONFIG_H -g -O2 -D_GNU_SOURCE -DZEND_COMPILE_DL_EXT=1 -c /tmp/pear/temp/xdebug/src/tracing/trace_computerized.c -MMD -MF src/tracing/trace_computerized.dep -MT src/tracing/trace_computerized.lo  -fPIC -DPIC -o src/tracing/.libs/trace_computerized.o
#10 18.20 /bin/sh /tmp/pear/temp/pear-build-defaultuserECHLcn/xdebug-3.4.1/libtool --tag=CC --mode=compile cc -I. -I/tmp/pear/temp/xdebug -I/tmp/pear/temp/pear-build-defaultuserECHLcn/xdebug-3.4.1/include -I/tmp/pear/temp/pear-build-defaultuserECHLcn/xdebug-3.4.1/main -I/tmp/pear/temp/xdebug -I/usr/local/include/php -I/usr/local/include/php/main -I/usr/local/include/php/TSRM -I/usr/local/include/php/Zend -I/usr/local/include/php/ext -I/usr/local/include/php/ext/date/lib -I/tmp/pear/temp/xdebug/src -I/tmp/pear/temp/pear-build-defaultuserECHLcn/xdebug-3.4.1/src  -DHAVE_CONFIG_H  -g -O2 -D_GNU_SOURCE     -DZEND_COMPILE_DL_EXT=1 -c /tmp/pear/temp/xdebug/src/tracing/trace_flamegraph.c -o src/tracing/trace_flamegraph.lo  -MMD -MF src/tracing/trace_flamegraph.dep -MT src/tracing/trace_flamegraph.lo
#10 18.28  cc -I. -I/tmp/pear/temp/xdebug -I/tmp/pear/temp/pear-build-defaultuserECHLcn/xdebug-3.4.1/include -I/tmp/pear/temp/pear-build-defaultuserECHLcn/xdebug-3.4.1/main -I/tmp/pear/temp/xdebug -I/usr/local/include/php -I/usr/local/include/php/main -I/usr/local/include/php/TSRM -I/usr/local/include/php/Zend -I/usr/local/include/php/ext -I/usr/local/include/php/ext/date/lib -I/tmp/pear/temp/xdebug/src -I/tmp/pear/temp/pear-build-defaultuserECHLcn/xdebug-3.4.1/src -DHAVE_CONFIG_H -g -O2 -D_GNU_SOURCE -DZEND_COMPILE_DL_EXT=1 -c /tmp/pear/temp/xdebug/src/tracing/trace_flamegraph.c -MMD -MF src/tracing/trace_flamegraph.dep -MT src/tracing/trace_flamegraph.lo  -fPIC -DPIC -o src/tracing/.libs/trace_flamegraph.o
#10 18.45 /bin/sh /tmp/pear/temp/pear-build-defaultuserECHLcn/xdebug-3.4.1/libtool --tag=CC --mode=compile cc -I. -I/tmp/pear/temp/xdebug -I/tmp/pear/temp/pear-build-defaultuserECHLcn/xdebug-3.4.1/include -I/tmp/pear/temp/pear-build-defaultuserECHLcn/xdebug-3.4.1/main -I/tmp/pear/temp/xdebug -I/usr/local/include/php -I/usr/local/include/php/main -I/usr/local/include/php/TSRM -I/usr/local/include/php/Zend -I/usr/local/include/php/ext -I/usr/local/include/php/ext/date/lib -I/tmp/pear/temp/xdebug/src -I/tmp/pear/temp/pear-build-defaultuserECHLcn/xdebug-3.4.1/src  -DHAVE_CONFIG_H  -g -O2 -D_GNU_SOURCE     -DZEND_COMPILE_DL_EXT=1 -c /tmp/pear/temp/xdebug/src/tracing/trace_html.c -o src/tracing/trace_html.lo  -MMD -MF src/tracing/trace_html.dep -MT src/tracing/trace_html.lo
#10 18.47 /bin/sh /tmp/pear/temp/pear-build-defaultuserECHLcn/xdebug-3.4.1/libtool --tag=CC --mode=compile cc -I. -I/tmp/pear/temp/xdebug -I/tmp/pear/temp/pear-build-defaultuserECHLcn/xdebug-3.4.1/include -I/tmp/pear/temp/pear-build-defaultuserECHLcn/xdebug-3.4.1/main -I/tmp/pear/temp/xdebug -I/usr/local/include/php -I/usr/local/include/php/main -I/usr/local/include/php/TSRM -I/usr/local/include/php/Zend -I/usr/local/include/php/ext -I/usr/local/include/php/ext/date/lib -I/tmp/pear/temp/xdebug/src -I/tmp/pear/temp/pear-build-defaultuserECHLcn/xdebug-3.4.1/src  -DHAVE_CONFIG_H  -g -O2 -D_GNU_SOURCE     -DZEND_COMPILE_DL_EXT=1 -c /tmp/pear/temp/xdebug/src/tracing/trace_textual.c -o src/tracing/trace_textual.lo  -MMD -MF src/tracing/trace_textual.dep -MT src/tracing/trace_textual.lo
#10 18.52  cc -I. -I/tmp/pear/temp/xdebug -I/tmp/pear/temp/pear-build-defaultuserECHLcn/xdebug-3.4.1/include -I/tmp/pear/temp/pear-build-defaultuserECHLcn/xdebug-3.4.1/main -I/tmp/pear/temp/xdebug -I/usr/local/include/php -I/usr/local/include/php/main -I/usr/local/include/php/TSRM -I/usr/local/include/php/Zend -I/usr/local/include/php/ext -I/usr/local/include/php/ext/date/lib -I/tmp/pear/temp/xdebug/src -I/tmp/pear/temp/pear-build-defaultuserECHLcn/xdebug-3.4.1/src -DHAVE_CONFIG_H -g -O2 -D_GNU_SOURCE -DZEND_COMPILE_DL_EXT=1 -c /tmp/pear/temp/xdebug/src/tracing/trace_html.c -MMD -MF src/tracing/trace_html.dep -MT src/tracing/trace_html.lo  -fPIC -DPIC -o src/tracing/.libs/trace_html.o
#10 18.55  cc -I. -I/tmp/pear/temp/xdebug -I/tmp/pear/temp/pear-build-defaultuserECHLcn/xdebug-3.4.1/include -I/tmp/pear/temp/pear-build-defaultuserECHLcn/xdebug-3.4.1/main -I/tmp/pear/temp/xdebug -I/usr/local/include/php -I/usr/local/include/php/main -I/usr/local/include/php/TSRM -I/usr/local/include/php/Zend -I/usr/local/include/php/ext -I/usr/local/include/php/ext/date/lib -I/tmp/pear/temp/xdebug/src -I/tmp/pear/temp/pear-build-defaultuserECHLcn/xdebug-3.4.1/src -DHAVE_CONFIG_H -g -O2 -D_GNU_SOURCE -DZEND_COMPILE_DL_EXT=1 -c /tmp/pear/temp/xdebug/src/tracing/trace_textual.c -MMD -MF src/tracing/trace_textual.dep -MT src/tracing/trace_textual.lo  -fPIC -DPIC -o src/tracing/.libs/trace_textual.o
#10 18.58 /bin/sh /tmp/pear/temp/pear-build-defaultuserECHLcn/xdebug-3.4.1/libtool --tag=CC --mode=compile cc -I. -I/tmp/pear/temp/xdebug -I/tmp/pear/temp/pear-build-defaultuserECHLcn/xdebug-3.4.1/include -I/tmp/pear/temp/pear-build-defaultuserECHLcn/xdebug-3.4.1/main -I/tmp/pear/temp/xdebug -I/usr/local/include/php -I/usr/local/include/php/main -I/usr/local/include/php/TSRM -I/usr/local/include/php/Zend -I/usr/local/include/php/ext -I/usr/local/include/php/ext/date/lib -I/tmp/pear/temp/xdebug/src -I/tmp/pear/temp/pear-build-defaultuserECHLcn/xdebug-3.4.1/src  -DHAVE_CONFIG_H  -g -O2 -D_GNU_SOURCE     -DZEND_COMPILE_DL_EXT=1 -c /tmp/pear/temp/xdebug/src/tracing/tracing.c -o src/tracing/tracing.lo  -MMD -MF src/tracing/tracing.dep -MT src/tracing/tracing.lo
#10 18.65  cc -I. -I/tmp/pear/temp/xdebug -I/tmp/pear/temp/pear-build-defaultuserECHLcn/xdebug-3.4.1/include -I/tmp/pear/temp/pear-build-defaultuserECHLcn/xdebug-3.4.1/main -I/tmp/pear/temp/xdebug -I/usr/local/include/php -I/usr/local/include/php/main -I/usr/local/include/php/TSRM -I/usr/local/include/php/Zend -I/usr/local/include/php/ext -I/usr/local/include/php/ext/date/lib -I/tmp/pear/temp/xdebug/src -I/tmp/pear/temp/pear-build-defaultuserECHLcn/xdebug-3.4.1/src -DHAVE_CONFIG_H -g -O2 -D_GNU_SOURCE -DZEND_COMPILE_DL_EXT=1 -c /tmp/pear/temp/xdebug/src/tracing/tracing.c -MMD -MF src/tracing/tracing.dep -MT src/tracing/tracing.lo  -fPIC -DPIC -o src/tracing/.libs/tracing.o
#10 19.25 /bin/sh /tmp/pear/temp/pear-build-defaultuserECHLcn/xdebug-3.4.1/libtool --tag=CC --mode=link cc -shared -I/tmp/pear/temp/pear-build-defaultuserECHLcn/xdebug-3.4.1/include -I/tmp/pear/temp/pear-build-defaultuserECHLcn/xdebug-3.4.1/main -I/tmp/pear/temp/xdebug -I/usr/local/include/php -I/usr/local/include/php/main -I/usr/local/include/php/TSRM -I/usr/local/include/php/Zend -I/usr/local/include/php/ext -I/usr/local/include/php/ext/date/lib -I/tmp/pear/temp/xdebug/src -I/tmp/pear/temp/pear-build-defaultuserECHLcn/xdebug-3.4.1/src  -DHAVE_CONFIG_H  -g -O2 -D_GNU_SOURCE    -o xdebug.la -export-dynamic -avoid-version -prefer-pic -module -rpath /tmp/pear/temp/pear-build-defaultuserECHLcn/xdebug-3.4.1/modules  xdebug.lo src/base/base.lo src/base/ctrl_socket.lo src/base/filter.lo src/lib/usefulstuff.lo src/lib/cmd_parser.lo src/lib/compat.lo src/lib/crc32.lo src/lib/file.lo src/lib/hash.lo src/lib/headers.lo src/lib/lib.lo src/lib/llist.lo src/lib/log.lo src/lib/set.lo src/lib/str.lo src/lib/timing.lo src/lib/var.lo
#10 19.25 src/lib/var_export_html.lo src/lib/var_export_line.lo src/lib/var_export_text.lo src/lib/var_export_xml.lo src/lib/xml.lo src/coverage/branch_info.lo src/coverage/code_coverage.lo src/debugger/com.lo src/debugger/debugger.lo src/debugger/handler_dbgp.lo src/debugger/handlers.lo src/debugger/ip_info.lo src/develop/develop.lo src/develop/monitor.lo src/develop/php_functions.lo src/develop/stack.lo src/develop/superglobals.lo src/gcstats/gc_stats.lo src/profiler/profiler.lo src/tracing/trace_computerized.lo src/tracing/trace_flamegraph.lo src/tracing/trace_html.lo src/tracing/trace_textual.lo src/tracing/tracing.lo -lm
#10 19.37 cc -shared  .libs/xdebug.o src/base/.libs/base.o src/base/.libs/ctrl_socket.o src/base/.libs/filter.o src/lib/.libs/usefulstuff.o src/lib/.libs/cmd_parser.o src/lib/.libs/compat.o src/lib/.libs/crc32.o src/lib/.libs/file.o src/lib/.libs/hash.o src/lib/.libs/headers.o src/lib/.libs/lib.o src/lib/.libs/llist.o src/lib/.libs/log.o src/lib/.libs/set.o src/lib/.libs/str.o src/lib/.libs/timing.o src/lib/.libs/var.o src/lib/.libs/var_export_html.o src/lib/.libs/var_export_line.o src/lib/.libs/var_export_text.o src/lib/.libs/var_export_xml.o src/lib/.libs/xml.o src/coverage/.libs/branch_info.o src/coverage/.libs/code_coverage.o src/debugger/.libs/com.o src/debugger/.libs/debugger.o src/debugger/.libs/handler_dbgp.o src/debugger/.libs/handlers.o src/debugger/.libs/ip_info.o src/develop/.libs/develop.o src/develop/.libs/monitor.o src/develop/.libs/php_functions.o src/develop/.libs/stack.o src/develop/.libs/superglobals.o src/gcstats/.libs/gc_stats.o src/profiler/.libs/profiler.o src/tracing/.libs/trace_computerized.o
#10 19.37 src/tracing/.libs/trace_flamegraph.o src/tracing/.libs/trace_html.o src/tracing/.libs/trace_textual.o src/tracing/.libs/tracing.o  -lm  -Wl,-soname -Wl,xdebug.so -o .libs/xdebug.so
#10 19.43 creating xdebug.la
#10 19.44 (cd .libs && rm -f xdebug.la && ln -s ../xdebug.la xdebug.la)
#10 19.44 /bin/sh /tmp/pear/temp/pear-build-defaultuserECHLcn/xdebug-3.4.1/libtool --tag=CC --mode=install cp ./xdebug.la /tmp/pear/temp/pear-build-defaultuserECHLcn/xdebug-3.4.1/modules
#10 19.45 cp ./.libs/xdebug.so /tmp/pear/temp/pear-build-defaultuserECHLcn/xdebug-3.4.1/modules/xdebug.so
#10 19.46 cp ./.libs/xdebug.lai /tmp/pear/temp/pear-build-defaultuserECHLcn/xdebug-3.4.1/modules/xdebug.la
#10 19.47 PATH="$PATH:/sbin" ldconfig -n /tmp/pear/temp/pear-build-defaultuserECHLcn/xdebug-3.4.1/modules
#10 19.47 ----------------------------------------------------------------------
#10 19.47 Libraries have been installed in:
#10 19.47    /tmp/pear/temp/pear-build-defaultuserECHLcn/xdebug-3.4.1/modules
#10 19.47 
#10 19.47 If you ever happen to want to link against installed libraries
#10 19.47 in a given directory, LIBDIR, you must either use libtool, and
#10 19.47 specify the full pathname of the library, or use the `-LLIBDIR'
#10 19.47 flag during linking and do at least one of the following:
#10 19.47    - add LIBDIR to the `LD_LIBRARY_PATH' environment variable
#10 19.47      during execution
#10 19.47    - add LIBDIR to the `LD_RUN_PATH' environment variable
#10 19.47      during linking
#10 19.47    - use the `-Wl,--rpath -Wl,LIBDIR' linker flag
#10 19.47 
#10 19.47 See any operating system documentation about shared libraries for
#10 19.47 more information, such as the ld(1) and ld.so(8) manual pages.
#10 19.47 ----------------------------------------------------------------------
#10 19.47 
#10 19.48 Build complete.
#10 19.48 Don't forget to run 'make test'.
#10 19.48 
#10 19.48 running: make -j4 INSTALL_ROOT="/tmp/pear/temp/pear-build-defaultuserECHLcn/install-xdebug-3.4.1" install
#10 19.48 Makefile:245: warning: overriding recipe for target 'test'
#10 19.48 Makefile:136: warning: ignoring old recipe for target 'test'
#10 19.51 
#10 19.53 shtool:echo:Warning: unable to determine terminal sequence for bold mode
#10 19.53 Installing shared extensions:     /tmp/pear/temp/pear-build-defaultuserECHLcn/install-xdebug-3.4.1/usr/local/lib/php/extensions/no-debug-non-zts-20230831/
#10 19.54   +----------------------------------------------------------------------+
#10 19.54   |                                                                      |
#10 19.54   |   INSTALLATION INSTRUCTIONS                                          |
#10 19.54   |   =========================                                          |
#10 19.54   |                                                                      |
#10 19.54   |   See https://xdebug.org/install.php#configure-php for instructions  |
#10 19.54   |   on how to enable Xdebug for PHP.                                   |
#10 19.54   |                                                                      |
#10 19.54   |   Documentation is available online as well:                         |
#10 19.54   |   - A list of all settings:  https://xdebug.org/docs-settings.php    |
#10 19.54   |   - A list of all functions: https://xdebug.org/docs-functions.php   |
#10 19.54   |   - Profiling instructions:  https://xdebug.org/docs-profiling2.php  |
#10 19.54   |   - Remote debugging:        https://xdebug.org/docs-debugger.php    |
#10 19.54   |                                                                      |
#10 19.54   |                                                                      |
#10 19.54   |   NOTE: Please disregard the message                                 |
#10 19.55   |       You should add "extension=xdebug.so" to php.ini                |
#10 19.55   |   that is emitted by the PECL installer. This does not work for      |
#10 19.55   |   Xdebug.                                                            |
#10 19.55   |                                                                      |
#10 19.55   +----------------------------------------------------------------------+
#10 19.57 shtool:echo:Warning: unable to determine terminal sequence for bold mode
#10 19.58 
#10 19.58 
#10 19.58 running: find "/tmp/pear/temp/pear-build-defaultuserECHLcn/install-xdebug-3.4.1" | xargs ls -dils
#10 19.58 4223162    4 drwxr-xr-x 3 root root    4096 Mar  4 18:13 /tmp/pear/temp/pear-build-defaultuserECHLcn/install-xdebug-3.4.1
#10 19.58 4223323    4 drwxr-xr-x 3 root root    4096 Mar  4 18:13 /tmp/pear/temp/pear-build-defaultuserECHLcn/install-xdebug-3.4.1/usr
#10 19.58 4223324    4 drwxr-xr-x 3 root root    4096 Mar  4 18:13 /tmp/pear/temp/pear-build-defaultuserECHLcn/install-xdebug-3.4.1/usr/local
#10 19.58 4223325    4 drwxr-xr-x 3 root root    4096 Mar  4 18:13 /tmp/pear/temp/pear-build-defaultuserECHLcn/install-xdebug-3.4.1/usr/local/lib
#10 19.58 4223326    4 drwxr-xr-x 3 root root    4096 Mar  4 18:13 /tmp/pear/temp/pear-build-defaultuserECHLcn/install-xdebug-3.4.1/usr/local/lib/php
#10 19.58 4223327    4 drwxr-xr-x 3 root root    4096 Mar  4 18:13 /tmp/pear/temp/pear-build-defaultuserECHLcn/install-xdebug-3.4.1/usr/local/lib/php/extensions
#10 19.58 4223328    4 drwxr-xr-x 2 root root    4096 Mar  4 18:13 /tmp/pear/temp/pear-build-defaultuserECHLcn/install-xdebug-3.4.1/usr/local/lib/php/extensions/no-debug-non-zts-20230831
#10 19.58 4223322 1888 -rwxr-xr-x 1 root root 1931816 Mar  4 18:13 /tmp/pear/temp/pear-build-defaultuserECHLcn/install-xdebug-3.4.1/usr/local/lib/php/extensions/no-debug-non-zts-20230831/xdebug.so
#10 19.58 
#10 19.58 Build process completed successfully
#10 19.58 Installing '/usr/local/lib/php/extensions/no-debug-non-zts-20230831/xdebug.so'
#10 19.59 install ok: channel://pecl.php.net/xdebug-3.4.1
#10 19.59 configuration option "php_ini" is not set to php.ini location
#10 19.59 You should add "zend_extension=/usr/local/lib/php/extensions/no-debug-non-zts-20230831/xdebug.so" to php.ini
#10 19.61 Removing symbols from /usr/local/lib/php/extensions/no-debug-non-zts-20230831/xdebug.so... done (1536768 bytes saved).
#10 19.63 Check if the xdebug module can be loaded... ok.
#10 19.66 ### REMOVING UNNEEDED PACKAGES ###
#10 19.93 (1/28) Purging autoconf (2.72-r0)
#10 19.93 (2/28) Purging m4 (1.4.19-r3)
#10 19.93 (3/28) Purging dpkg (1.22.11-r0)
#10 19.93 (4/28) Purging dpkg-dev (1.22.11-r0)
#10 19.94 (5/28) Purging file (5.46-r2)
#10 19.94 (6/28) Purging g++ (14.2.0-r4)
#10 19.95 (7/28) Purging libstdc++-dev (14.2.0-r4)
#10 19.97 (8/28) Purging gcc (14.2.0-r4)
#10 20.02 (9/28) Purging binutils (2.43.1-r1)
#10 20.02 (10/28) Purging libatomic (14.2.0-r4)
#10 20.02 (11/28) Purging libgomp (14.2.0-r4)
#10 20.02 (12/28) Purging musl-dev (1.2.5-r9)
#10 20.03 (13/28) Purging git-perl (2.47.2-r0)
#10 20.03 (14/28) Purging perl-git (2.47.2-r0)
#10 20.03 (15/28) Purging perl-error (0.17029-r2)
#10 20.03 (16/28) Purging perl (5.40.1-r0)
#10 20.09 (17/28) Purging isl26 (0.26-r1)
#10 20.09 (18/28) Purging jansson (2.14-r4)
#10 20.09 (19/28) Purging libbz2 (1.0.8-r6)
#10 20.09 (20/28) Purging libmagic (5.46-r2)
#10 20.09 (21/28) Purging libmd (1.1.0-r0)
#10 20.09 (22/28) Purging linux-headers (6.6-r1)
#10 20.11 (23/28) Purging mpc1 (1.3.1-r1)
#10 20.11 (24/28) Purging mpfr4 (4.2.1-r0)
#10 20.11 (25/28) Purging pkgconf (2.3.0-r0)
#10 20.11 (26/28) Purging re2c (3.1-r0)
#10 20.11 (27/28) Purging gmp (6.3.0-r2)
#10 20.11 (28/28) Purging libstdc++ (14.2.0-r4)
#10 20.11 Executing busybox-1.37.0-r12.trigger
#10 20.12 OK: 35 MiB in 64 packages
#10 DONE 20.9s

#11 exporting to image
#11 exporting layers
#11 exporting layers 0.8s done
#11 writing image sha256:447a7c4ab89685d9d36631bb7547832d605a1f51b52f95c8ccea01a383609bef done
#11 naming to docker.pkg.github.com/hexydec/versions/php-actions_composer_versions:php-8.3-mbstring-xdebug-build2.1.0 done
#11 DONE 0.8s
------
 > importing cache manifest from docker.pkg.github.com/hexydec/versions/php-actions_composer_versions:php-8.3-mbstring-xdebug-build2.1.0:
------
The push refers to repository [docker.pkg.github.com/hexydec/versions/php-actions_composer_versions]
03be8d1d9c1b: Preparing
a8bdcebdc0d4: Preparing
531cb4dc3858: Preparing
e00dd0b10f91: Preparing
6f6388c4eda0: Preparing
038ff495ecc5: Preparing
727024b0e857: Preparing
6af6a1e81efc: Preparing
36503de07601: Preparing
9b4897b63099: Preparing
bd336fca6a3c: Preparing
08000c18d16d: Preparing
6af6a1e81efc: Waiting
36503de07601: Waiting
9b4897b63099: Waiting
038ff495ecc5: Waiting
727024b0e857: Waiting
bd336fca6a3c: Waiting
08000c18d16d: Waiting
denied: installation not allowed to Create organization package
WARNING: Failed to push Docker image to "docker.pkg.github.com/hexydec/versions/php-actions_composer_versions:php-8.3-mbstring-xdebug-build2.1.0", this is probably due to missing permissions on GitHub.
Will continue as this is just an optimization to improve speed of next build.
Docker tag: docker.pkg.github.com/hexydec/versions/php-actions_composer_versions:php-8.3-mbstring-xdebug-build2.1.0
No private keys supplied
Command: composer install --no-progress --no-interaction
Skipping env variable PWD
Skipping env variable HOME
Skipping env variable SHLVL
Skipping env variable PATH
